Command Line Args: Namespace(config_file='configs/diffdet.ami.ast.yaml', resume=False, eval_only=False, num_gpus=1, num_machines=1, machine_rank=0, dist_url='tcp://127.0.0.1:50181', opts=[])
False
[12/30 03:42:40 detectron2]: Rank of current process: 0. World size: 1
[12/30 03:42:42 detectron2]: Environment info:
-------------------------------  ---------------------------------------------------------------------------------------
sys.platform                     linux
Python                           3.12.2 | packaged by conda-forge | (main, Feb 16 2024, 20:50:58) [GCC 12.3.0]
numpy                            1.26.4
detectron2                       0.6 @/home/michele.lotto/.conda/envs/DL4NLP/lib/python3.12/site-packages/detectron2
Compiler                         GCC 11.4
CUDA compiler                    CUDA 12.1
detectron2 arch flags            7.5
DETECTRON2_ENV_MODULE            <not set>
PyTorch                          2.5.1 @/home/michele.lotto/.conda/envs/DL4NLP/lib/python3.12/site-packages/torch
PyTorch debug build              False
torch._C._GLIBCXX_USE_CXX11_ABI  False
GPU available                    Yes
GPU 0                            Tesla T4 (arch=7.5)
Driver version                   555.42.06
CUDA_HOME                        /usr/local/cuda
Pillow                           11.0.0
torchvision                      0.20.1 @/home/michele.lotto/.conda/envs/DL4NLP/lib/python3.12/site-packages/torchvision
torchvision arch flags           5.0, 6.0, 7.0, 7.5, 8.0, 8.6, 9.0
fvcore                           0.1.5.post20221221
iopath                           0.1.9
cv2                              Not found
-------------------------------  ---------------------------------------------------------------------------------------
PyTorch built with:
  - GCC 9.3
  - C++ Version: 201703
  - Intel(R) oneAPI Math Kernel Library Version 2023.1-Product Build 20230303 for Intel(R) 64 architecture applications
  - Intel(R) MKL-DNN v3.5.3 (Git Hash 66f0cb9eb66affd2da3bf5f8d897376f04aae6af)
  - OpenMP 201511 (a.k.a. OpenMP 4.5)
  - LAPACK is enabled (usually provided by MKL)
  - NNPACK is enabled
  - CPU capability usage: AVX512
  - CUDA Runtime 12.4
  - NVCC architecture flags: -gencode;arch=compute_50,code=sm_50;-gencode;arch=compute_60,code=sm_60;-gencode;arch=compute_61,code=sm_61;-gencode;arch=compute_70,code=sm_70;-gencode;arch=compute_75,code=sm_75;-gencode;arch=compute_80,code=sm_80;-gencode;arch=compute_86,code=sm_86;-gencode;arch=compute_90,code=sm_90
  - CuDNN 90.1
  - Magma 2.6.1
  - Build settings: BLAS_INFO=mkl, BUILD_TYPE=Release, CUDA_VERSION=12.4, CUDNN_VERSION=9.1.0, CXX_COMPILER=/opt/rh/devtoolset-9/root/usr/bin/c++, CXX_FLAGS= -D_GLIBCXX_USE_CXX11_ABI=0 -fabi-version=11 -fvisibility-inlines-hidden -DUSE_PTHREADPOOL -DNDEBUG -DUSE_KINETO -DLIBKINETO_NOROCTRACER -DLIBKINETO_NOXPUPTI=ON -DUSE_FBGEMM -DUSE_PYTORCH_QNNPACK -DUSE_XNNPACK -DSYMBOLICATE_MOBILE_DEBUG_HANDLE -O2 -fPIC -Wall -Wextra -Werror=return-type -Werror=non-virtual-dtor -Werror=bool-operation -Wnarrowing -Wno-missing-field-initializers -Wno-type-limits -Wno-array-bounds -Wno-unknown-pragmas -Wno-unused-parameter -Wno-strict-overflow -Wno-strict-aliasing -Wno-stringop-overflow -Wsuggest-override -Wno-psabi -Wno-error=old-style-cast -Wno-missing-braces -fdiagnostics-color=always -faligned-new -Wno-unused-but-set-variable -Wno-maybe-uninitialized -fno-math-errno -fno-trapping-math -Werror=format -Wno-stringop-overflow, LAPACK_INFO=mkl, PERF_WITH_AVX=1, PERF_WITH_AVX2=1, TORCH_VERSION=2.5.1, USE_CUDA=ON, USE_CUDNN=ON, USE_CUSPARSELT=1, USE_EXCEPTION_PTR=1, USE_GFLAGS=OFF, USE_GLOG=OFF, USE_GLOO=ON, USE_MKL=ON, USE_MKLDNN=ON, USE_MPI=OFF, USE_NCCL=ON, USE_NNPACK=ON, USE_OPENMP=ON, USE_ROCM=OFF, USE_ROCM_KERNEL_ASSERT=OFF, 

[12/30 03:42:42 detectron2]: Command line arguments: Namespace(config_file='configs/diffdet.ami.ast.yaml', resume=False, eval_only=False, num_gpus=1, num_machines=1, machine_rank=0, dist_url='tcp://127.0.0.1:50181', opts=[])
[12/30 03:42:42 detectron2]: Contents of args.config_file=configs/diffdet.ami.ast.yaml:
[38;5;204m_BASE_[39m[38;5;15m:[39m[38;5;15m [39m[38;5;186m"[39m[38;5;186mBase-DiffusionDet.yaml[39m[38;5;186m"[39m
[38;5;204mMODEL[39m[38;5;15m:[39m
[38;5;15m  [39m[38;5;204mBACKBONE[39m[38;5;15m:[39m
[38;5;15m    [39m[38;5;204mNAME[39m[38;5;15m:[39m[38;5;15m  [39m[38;5;186m"[39m[38;5;186mbuild_ASTModel_backbone_fpn[39m[38;5;186m"[39m
[38;5;15m  [39m[38;5;204mAST[39m[38;5;15m:[39m
[38;5;15m    [39m[38;5;204mPRETRAINED_MODEL[39m[38;5;15m:[39m[38;5;15m [39m[38;5;186m"[39m[38;5;186mMIT/ast-finetuned-audioset-10-10-0.448-v2[39m[38;5;186m"[39m
[38;5;15m  [39m[38;5;204mDiffusionDet[39m[38;5;15m:[39m
[38;5;15m    [39m[38;5;204mHIDDEN_DIM[39m[38;5;15m:[39m[38;5;15m [39m[38;5;141m256[39m
[38;5;15m    [39m[38;5;204mNUM_PROPOSALS[39m[38;5;15m:[39m[38;5;15m [39m[38;5;141m20[39m
[38;5;15m    [39m[38;5;204mNUM_CLASSES[39m[38;5;15m:[39m[38;5;15m [39m[38;5;141m1[39m
[38;5;15m    [39m[38;5;204mSAMPLE_STEP[39m[38;5;15m:[39m[38;5;15m [39m[38;5;141m1[39m
[38;5;15m    [39m[38;5;204mNMS_THRESH[39m[38;5;15m:[39m[38;5;15m [39m[38;5;141m0.5[39m
[38;5;15m    [39m[38;5;204mBOX_RENEWAL_THRESHOLD[39m[38;5;15m:[39m[38;5;15m [39m[38;5;141m0.5[39m
[38;5;15m    [39m[38;5;204mDEEP_SUPERVISION[39m[38;5;15m:[39m[38;5;15m [39m[38;5;141mFalse[39m
[38;5;15m  [39m[38;5;204mEMA_ENABLED[39m[38;5;15m:[39m[38;5;15m [39m[38;5;141mFalse[39m
[38;5;204mDATASETS[39m[38;5;15m:[39m
[38;5;15m  [39m[38;5;204mTRAIN[39m[38;5;15m:[39m[38;5;15m [39m[38;5;141m("ami_train",)[39m
[38;5;15m  [39m[38;5;245m# EVAL: ("ami_val",)[39m
[38;5;15m  [39m[38;5;204mTEST[39m[38;5;15m:[39m[38;5;15m  [39m[38;5;141m("ami_validation",)[39m
[38;5;204mINPUT[39m[38;5;15m:[39m
[38;5;15m  [39m[38;5;204mSAMPLING_RATE[39m[38;5;15m:[39m[38;5;15m [39m[38;5;141m16000[39m
[38;5;15m  [39m[38;5;204mSECONDS_PER_SEGMENT[39m[38;5;15m:[39m[38;5;15m [39m[38;5;141m10[39m[38;5;15m [39m[38;5;245m#30[39m
[38;5;15m  [39m[38;5;204mTOT_BATCH_SIZE[39m[38;5;15m:[39m[38;5;15m [39m[38;5;141m14[39m
[38;5;15m  [39m[38;5;204mNUM_WORKERS[39m[38;5;15m:[39m[38;5;15m [39m[38;5;141m1[39m
[38;5;15m  [39m[38;5;204mTRAINING_DATASET_LENGTH[39m[38;5;15m:[39m[38;5;15m [39m[38;5;141m29312[39m

[12/30 03:42:42 detectron2]: Running with full config:
[38;5;204mCUDNN_BENCHMARK[39m[38;5;15m:[39m[38;5;15m [39m[38;5;141mfalse[39m
[38;5;204mDATALOADER[39m[38;5;15m:[39m
[38;5;15m  [39m[38;5;204mASPECT_RATIO_GROUPING[39m[38;5;15m:[39m[38;5;15m [39m[38;5;141mtrue[39m
[38;5;15m  [39m[38;5;204mFILTER_EMPTY_ANNOTATIONS[39m[38;5;15m:[39m[38;5;15m [39m[38;5;141mtrue[39m
[38;5;15m  [39m[38;5;204mNUM_WORKERS[39m[38;5;15m:[39m[38;5;15m [39m[38;5;141m4[39m
[38;5;15m  [39m[38;5;204mREPEAT_SQRT[39m[38;5;15m:[39m[38;5;15m [39m[38;5;141mtrue[39m
[38;5;15m  [39m[38;5;204mREPEAT_THRESHOLD[39m[38;5;15m:[39m[38;5;15m [39m[38;5;141m0.0[39m
[38;5;15m  [39m[38;5;204mSAMPLER_TRAIN[39m[38;5;15m:[39m[38;5;15m [39m[38;5;141mTrainingSampler[39m
[38;5;204mDATASETS[39m[38;5;15m:[39m
[38;5;15m  [39m[38;5;204mPRECOMPUTED_PROPOSAL_TOPK_TEST[39m[38;5;15m:[39m[38;5;15m [39m[38;5;141m1000[39m
[38;5;15m  [39m[38;5;204mPRECOMPUTED_PROPOSAL_TOPK_TRAIN[39m[38;5;15m:[39m[38;5;15m [39m[38;5;141m2000[39m
[38;5;15m  [39m[38;5;204mPROPOSAL_FILES_TEST[39m[38;5;15m:[39m[38;5;15m [39m[38;5;15m[[39m[38;5;15m][39m
[38;5;15m  [39m[38;5;204mPROPOSAL_FILES_TRAIN[39m[38;5;15m:[39m[38;5;15m [39m[38;5;15m[[39m[38;5;15m][39m
[38;5;15m  [39m[38;5;204mTEST[39m[38;5;15m:[39m
[38;5;15m  [39m[38;5;15m-[39m[38;5;15m [39m[38;5;141mami_validation[39m
[38;5;15m  [39m[38;5;204mTRAIN[39m[38;5;15m:[39m
[38;5;15m  [39m[38;5;15m-[39m[38;5;15m [39m[38;5;141mami_train[39m
[38;5;204mFLOAT32_PRECISION[39m[38;5;15m:[39m[38;5;15m [39m[38;5;186m'[39m[38;5;186m'[39m
[38;5;204mGLOBAL[39m[38;5;15m:[39m
[38;5;15m  [39m[38;5;204mHACK[39m[38;5;15m:[39m[38;5;15m [39m[38;5;141m1.0[39m
[38;5;204mINPUT[39m[38;5;15m:[39m
[38;5;15m  [39m[38;5;204mCROP[39m[38;5;15m:[39m
[38;5;15m    [39m[38;5;204mENABLED[39m[38;5;15m:[39m[38;5;15m [39m[38;5;141mfalse[39m
[38;5;15m    [39m[38;5;204mSIZE[39m[38;5;15m:[39m
[38;5;15m    [39m[38;5;15m-[39m[38;5;15m [39m[38;5;141m0.9[39m
[38;5;15m    [39m[38;5;15m-[39m[38;5;15m [39m[38;5;141m0.9[39m
[38;5;15m    [39m[38;5;204mTYPE[39m[38;5;15m:[39m[38;5;15m [39m[38;5;141mrelative_range[39m
[38;5;15m  [39m[38;5;204mFORMAT[39m[38;5;15m:[39m[38;5;15m [39m[38;5;141mBGR[39m
[38;5;15m  [39m[38;5;204mMASK_FORMAT[39m[38;5;15m:[39m[38;5;15m [39m[38;5;141mpolygon[39m
[38;5;15m  [39m[38;5;204mMAX_SIZE_TEST[39m[38;5;15m:[39m[38;5;15m [39m[38;5;141m1333[39m
[38;5;15m  [39m[38;5;204mMAX_SIZE_TRAIN[39m[38;5;15m:[39m[38;5;15m [39m[38;5;141m1333[39m
[38;5;15m  [39m[38;5;204mMIN_SIZE_TEST[39m[38;5;15m:[39m[38;5;15m [39m[38;5;141m800[39m
[38;5;15m  [39m[38;5;204mMIN_SIZE_TRAIN[39m[38;5;15m:[39m
[38;5;15m  [39m[38;5;15m-[39m[38;5;15m [39m[38;5;141m800[39m
[38;5;15m  [39m[38;5;204mMIN_SIZE_TRAIN_SAMPLING[39m[38;5;15m:[39m[38;5;15m [39m[38;5;141mchoice[39m
[38;5;15m  [39m[38;5;204mNUM_WORKERS[39m[38;5;15m:[39m[38;5;15m [39m[38;5;141m1[39m
[38;5;15m  [39m[38;5;204mRANDOM_FLIP[39m[38;5;15m:[39m[38;5;15m [39m[38;5;141mhorizontal[39m
[38;5;15m  [39m[38;5;204mSAMPLING_RATE[39m[38;5;15m:[39m[38;5;15m [39m[38;5;141m16000[39m
[38;5;15m  [39m[38;5;204mSECONDS_PER_SEGMENT[39m[38;5;15m:[39m[38;5;15m [39m[38;5;141m10[39m
[38;5;15m  [39m[38;5;204mTOT_BATCH_SIZE[39m[38;5;15m:[39m[38;5;15m [39m[38;5;141m14[39m
[38;5;15m  [39m[38;5;204mTRAINING_DATASET_LENGTH[39m[38;5;15m:[39m[38;5;15m [39m[38;5;141m29312[39m
[38;5;204mMODEL[39m[38;5;15m:[39m
[38;5;15m  [39m[38;5;204mANCHOR_GENERATOR[39m[38;5;15m:[39m
[38;5;15m    [39m[38;5;204mANGLES[39m[38;5;15m:[39m
[38;5;15m    [39m[38;5;15m-[39m[38;5;15m [39m[38;5;15m-[39m[38;5;15m [39m[38;5;141m-90[39m
[38;5;15m      [39m[38;5;15m-[39m[38;5;15m [39m[38;5;141m0[39m
[38;5;15m      [39m[38;5;15m-[39m[38;5;15m [39m[38;5;141m90[39m
[38;5;15m    [39m[38;5;204mASPECT_RATIOS[39m[38;5;15m:[39m
[38;5;15m    [39m[38;5;15m-[39m[38;5;15m [39m[38;5;15m-[39m[38;5;15m [39m[38;5;141m0.5[39m
[38;5;15m      [39m[38;5;15m-[39m[38;5;15m [39m[38;5;141m1.0[39m
[38;5;15m      [39m[38;5;15m-[39m[38;5;15m [39m[38;5;141m2.0[39m
[38;5;15m    [39m[38;5;204mNAME[39m[38;5;15m:[39m[38;5;15m [39m[38;5;141mDefaultAnchorGenerator[39m
[38;5;15m    [39m[38;5;204mOFFSET[39m[38;5;15m:[39m[38;5;15m [39m[38;5;141m0.0[39m
[38;5;15m    [39m[38;5;204mSIZES[39m[38;5;15m:[39m
[38;5;15m    [39m[38;5;15m-[39m[38;5;15m [39m[38;5;15m-[39m[38;5;15m [39m[38;5;141m32[39m
[38;5;15m      [39m[38;5;15m-[39m[38;5;15m [39m[38;5;141m64[39m
[38;5;15m      [39m[38;5;15m-[39m[38;5;15m [39m[38;5;141m128[39m
[38;5;15m      [39m[38;5;15m-[39m[38;5;15m [39m[38;5;141m256[39m
[38;5;15m      [39m[38;5;15m-[39m[38;5;15m [39m[38;5;141m512[39m
[38;5;15m  [39m[38;5;204mAST[39m[38;5;15m:[39m
[38;5;15m    [39m[38;5;204mOUT_CHANNELS[39m[38;5;15m:[39m[38;5;15m [39m[38;5;141m768[39m
[38;5;15m    [39m[38;5;204mOUT_FEATURES[39m[38;5;15m:[39m
[38;5;15m    [39m[38;5;15m-[39m[38;5;15m [39m[38;5;141mAST_3[39m
[38;5;15m    [39m[38;5;15m-[39m[38;5;15m [39m[38;5;141mAST_6[39m
[38;5;15m    [39m[38;5;15m-[39m[38;5;15m [39m[38;5;141mAST_9[39m
[38;5;15m    [39m[38;5;15m-[39m[38;5;15m [39m[38;5;141mAST_12[39m
[38;5;15m    [39m[38;5;204mPRETRAINED_MODEL[39m[38;5;15m:[39m[38;5;15m [39m[38;5;141mMIT/ast-finetuned-audioset-10-10-0.448-v2[39m
[38;5;15m  [39m[38;5;204mBACKBONE[39m[38;5;15m:[39m
[38;5;15m    [39m[38;5;204mFREEZE_AT[39m[38;5;15m:[39m[38;5;15m [39m[38;5;141m2[39m
[38;5;15m    [39m[38;5;204mNAME[39m[38;5;15m:[39m[38;5;15m [39m[38;5;141mbuild_ASTModel_backbone_fpn[39m
[38;5;15m  [39m[38;5;204mDEVICE[39m[38;5;15m:[39m[38;5;15m [39m[38;5;141mcuda[39m
[38;5;15m  [39m[38;5;204mDiffusionDet[39m[38;5;15m:[39m
[38;5;15m    [39m[38;5;204mACTIVATION[39m[38;5;15m:[39m[38;5;15m [39m[38;5;141mrelu[39m
[38;5;15m    [39m[38;5;204mALPHA[39m[38;5;15m:[39m[38;5;15m [39m[38;5;141m0.25[39m
[38;5;15m    [39m[38;5;204mBOX_RENEWAL_THRESHOLD[39m[38;5;15m:[39m[38;5;15m [39m[38;5;141m0.5[39m
[38;5;15m    [39m[38;5;204mCLASS_WEIGHT[39m[38;5;15m:[39m[38;5;15m [39m[38;5;141m2.0[39m
[38;5;15m    [39m[38;5;204mDEEP_SUPERVISION[39m[38;5;15m:[39m[38;5;15m [39m[38;5;141mfalse[39m
[38;5;15m    [39m[38;5;204mDIM_DYNAMIC[39m[38;5;15m:[39m[38;5;15m [39m[38;5;141m64[39m
[38;5;15m    [39m[38;5;204mDIM_FEEDFORWARD[39m[38;5;15m:[39m[38;5;15m [39m[38;5;141m2048[39m
[38;5;15m    [39m[38;5;204mDROPOUT[39m[38;5;15m:[39m[38;5;15m [39m[38;5;141m0.0[39m
[38;5;15m    [39m[38;5;204mGAMMA[39m[38;5;15m:[39m[38;5;15m [39m[38;5;141m2.0[39m
[38;5;15m    [39m[38;5;204mGIOU_WEIGHT[39m[38;5;15m:[39m[38;5;15m [39m[38;5;141m2.0[39m
[38;5;15m    [39m[38;5;204mHIDDEN_DIM[39m[38;5;15m:[39m[38;5;15m [39m[38;5;141m256[39m
[38;5;15m    [39m[38;5;204mL1_WEIGHT[39m[38;5;15m:[39m[38;5;15m [39m[38;5;141m5.0[39m
[38;5;15m    [39m[38;5;204mNHEADS[39m[38;5;15m:[39m[38;5;15m [39m[38;5;141m8[39m
[38;5;15m    [39m[38;5;204mNMS_THRESH[39m[38;5;15m:[39m[38;5;15m [39m[38;5;141m0.5[39m
[38;5;15m    [39m[38;5;204mNO_OBJECT_WEIGHT[39m[38;5;15m:[39m[38;5;15m [39m[38;5;141m0.1[39m
[38;5;15m    [39m[38;5;204mNUM_CLASSES[39m[38;5;15m:[39m[38;5;15m [39m[38;5;141m1[39m
[38;5;15m    [39m[38;5;204mNUM_CLS[39m[38;5;15m:[39m[38;5;15m [39m[38;5;141m1[39m
[38;5;15m    [39m[38;5;204mNUM_DYNAMIC[39m[38;5;15m:[39m[38;5;15m [39m[38;5;141m2[39m
[38;5;15m    [39m[38;5;204mNUM_HEADS[39m[38;5;15m:[39m[38;5;15m [39m[38;5;141m6[39m
[38;5;15m    [39m[38;5;204mNUM_PROPOSALS[39m[38;5;15m:[39m[38;5;15m [39m[38;5;141m20[39m
[38;5;15m    [39m[38;5;204mNUM_REG[39m[38;5;15m:[39m[38;5;15m [39m[38;5;141m3[39m
[38;5;15m    [39m[38;5;204mOTA_K[39m[38;5;15m:[39m[38;5;15m [39m[38;5;141m5[39m
[38;5;15m    [39m[38;5;204mPRIOR_PROB[39m[38;5;15m:[39m[38;5;15m [39m[38;5;141m0.01[39m
[38;5;15m    [39m[38;5;204mSAMPLE_STEP[39m[38;5;15m:[39m[38;5;15m [39m[38;5;141m1[39m
[38;5;15m    [39m[38;5;204mSNR_SCALE[39m[38;5;15m:[39m[38;5;15m [39m[38;5;141m2.0[39m
[38;5;15m    [39m[38;5;204mUSE_FED_LOSS[39m[38;5;15m:[39m[38;5;15m [39m[38;5;141mfalse[39m
[38;5;15m    [39m[38;5;204mUSE_FOCAL[39m[38;5;15m:[39m[38;5;15m [39m[38;5;141mtrue[39m
[38;5;15m    [39m[38;5;204mUSE_NMS[39m[38;5;15m:[39m[38;5;15m [39m[38;5;141mtrue[39m
[38;5;15m  [39m[38;5;204mEMA_ENABLED[39m[38;5;15m:[39m[38;5;15m [39m[38;5;141mfalse[39m
[38;5;15m  [39m[38;5;204mFPN[39m[38;5;15m:[39m
[38;5;15m    [39m[38;5;204mFUSE_TYPE[39m[38;5;15m:[39m[38;5;15m [39m[38;5;141msum[39m
[38;5;15m    [39m[38;5;204mIN_FEATURES[39m[38;5;15m:[39m
[38;5;15m    [39m[38;5;15m-[39m[38;5;15m [39m[38;5;141mAST_3[39m
[38;5;15m    [39m[38;5;15m-[39m[38;5;15m [39m[38;5;141mAST_6[39m
[38;5;15m    [39m[38;5;15m-[39m[38;5;15m [39m[38;5;141mAST_9[39m
[38;5;15m    [39m[38;5;15m-[39m[38;5;15m [39m[38;5;141mAST_12[39m
[38;5;15m    [39m[38;5;204mNORM[39m[38;5;15m:[39m[38;5;15m [39m[38;5;186m'[39m[38;5;186m'[39m
[38;5;15m    [39m[38;5;204mOUT_CHANNELS[39m[38;5;15m:[39m[38;5;15m [39m[38;5;141m256[39m
[38;5;15m  [39m[38;5;204mKEYPOINT_ON[39m[38;5;15m:[39m[38;5;15m [39m[38;5;141mfalse[39m
[38;5;15m  [39m[38;5;204mLOAD_PROPOSALS[39m[38;5;15m:[39m[38;5;15m [39m[38;5;141mfalse[39m
[38;5;15m  [39m[38;5;204mMASK_ON[39m[38;5;15m:[39m[38;5;15m [39m[38;5;141mfalse[39m
[38;5;15m  [39m[38;5;204mMETA_ARCHITECTURE[39m[38;5;15m:[39m[38;5;15m [39m[38;5;141mDiffusionDet[39m
[38;5;15m  [39m[38;5;204mPANOPTIC_FPN[39m[38;5;15m:[39m
[38;5;15m    [39m[38;5;204mCOMBINE[39m[38;5;15m:[39m
[38;5;15m      [39m[38;5;204mENABLED[39m[38;5;15m:[39m[38;5;15m [39m[38;5;141mtrue[39m
[38;5;15m      [39m[38;5;204mINSTANCES_CONFIDENCE_THRESH[39m[38;5;15m:[39m[38;5;15m [39m[38;5;141m0.5[39m
[38;5;15m      [39m[38;5;204mOVERLAP_THRESH[39m[38;5;15m:[39m[38;5;15m [39m[38;5;141m0.5[39m
[38;5;15m      [39m[38;5;204mSTUFF_AREA_LIMIT[39m[38;5;15m:[39m[38;5;15m [39m[38;5;141m4096[39m
[38;5;15m    [39m[38;5;204mINSTANCE_LOSS_WEIGHT[39m[38;5;15m:[39m[38;5;15m [39m[38;5;141m1.0[39m
[38;5;15m  [39m[38;5;204mPIXEL_MEAN[39m[38;5;15m:[39m
[38;5;15m  [39m[38;5;15m-[39m[38;5;15m [39m[38;5;141m103.53[39m
[38;5;15m  [39m[38;5;15m-[39m[38;5;15m [39m[38;5;141m116.28[39m
[38;5;15m  [39m[38;5;15m-[39m[38;5;15m [39m[38;5;141m123.675[39m
[38;5;15m  [39m[38;5;204mPIXEL_STD[39m[38;5;15m:[39m
[38;5;15m  [39m[38;5;15m-[39m[38;5;15m [39m[38;5;141m1.0[39m
[38;5;15m  [39m[38;5;15m-[39m[38;5;15m [39m[38;5;141m1.0[39m
[38;5;15m  [39m[38;5;15m-[39m[38;5;15m [39m[38;5;141m1.0[39m
[38;5;15m  [39m[38;5;204mPROPOSAL_GENERATOR[39m[38;5;15m:[39m
[38;5;15m    [39m[38;5;204mMIN_SIZE[39m[38;5;15m:[39m[38;5;15m [39m[38;5;141m0[39m
[38;5;15m    [39m[38;5;204mNAME[39m[38;5;15m:[39m[38;5;15m [39m[38;5;141mRPN[39m
[38;5;15m  [39m[38;5;204mRESNETS[39m[38;5;15m:[39m
[38;5;15m    [39m[38;5;204mDEFORM_MODULATED[39m[38;5;15m:[39m[38;5;15m [39m[38;5;141mfalse[39m
[38;5;15m    [39m[38;5;204mDEFORM_NUM_GROUPS[39m[38;5;15m:[39m[38;5;15m [39m[38;5;141m1[39m
[38;5;15m    [39m[38;5;204mDEFORM_ON_PER_STAGE[39m[38;5;15m:[39m
[38;5;15m    [39m[38;5;15m-[39m[38;5;15m [39m[38;5;141mfalse[39m
[38;5;15m    [39m[38;5;15m-[39m[38;5;15m [39m[38;5;141mfalse[39m
[38;5;15m    [39m[38;5;15m-[39m[38;5;15m [39m[38;5;141mfalse[39m
[38;5;15m    [39m[38;5;15m-[39m[38;5;15m [39m[38;5;141mfalse[39m
[38;5;15m    [39m[38;5;204mDEPTH[39m[38;5;15m:[39m[38;5;15m [39m[38;5;141m50[39m
[38;5;15m    [39m[38;5;204mNORM[39m[38;5;15m:[39m[38;5;15m [39m[38;5;141mFrozenBN[39m
[38;5;15m    [39m[38;5;204mNUM_GROUPS[39m[38;5;15m:[39m[38;5;15m [39m[38;5;141m1[39m
[38;5;15m    [39m[38;5;204mOUT_FEATURES[39m[38;5;15m:[39m
[38;5;15m    [39m[38;5;15m-[39m[38;5;15m [39m[38;5;141mres4[39m
[38;5;15m    [39m[38;5;204mRES2_OUT_CHANNELS[39m[38;5;15m:[39m[38;5;15m [39m[38;5;141m256[39m
[38;5;15m    [39m[38;5;204mRES5_DILATION[39m[38;5;15m:[39m[38;5;15m [39m[38;5;141m1[39m
[38;5;15m    [39m[38;5;204mSTEM_OUT_CHANNELS[39m[38;5;15m:[39m[38;5;15m [39m[38;5;141m64[39m
[38;5;15m    [39m[38;5;204mSTRIDE_IN_1X1[39m[38;5;15m:[39m[38;5;15m [39m[38;5;141mtrue[39m
[38;5;15m    [39m[38;5;204mWIDTH_PER_GROUP[39m[38;5;15m:[39m[38;5;15m [39m[38;5;141m64[39m
[38;5;15m  [39m[38;5;204mRETINANET[39m[38;5;15m:[39m
[38;5;15m    [39m[38;5;204mBBOX_REG_LOSS_TYPE[39m[38;5;15m:[39m[38;5;15m [39m[38;5;141msmooth_l1[39m
[38;5;15m    [39m[38;5;204mBBOX_REG_WEIGHTS[39m[38;5;15m:[39m[38;5;15m [39m[38;5;15m&id002[39m
[38;5;15m    [39m[38;5;15m-[39m[38;5;15m [39m[38;5;141m1.0[39m
[38;5;15m    [39m[38;5;15m-[39m[38;5;15m [39m[38;5;141m1.0[39m
[38;5;15m    [39m[38;5;15m-[39m[38;5;15m [39m[38;5;141m1.0[39m
[38;5;15m    [39m[38;5;15m-[39m[38;5;15m [39m[38;5;141m1.0[39m
[38;5;15m    [39m[38;5;204mFOCAL_LOSS_ALPHA[39m[38;5;15m:[39m[38;5;15m [39m[38;5;141m0.25[39m
[38;5;15m    [39m[38;5;204mFOCAL_LOSS_GAMMA[39m[38;5;15m:[39m[38;5;15m [39m[38;5;141m2.0[39m
[38;5;15m    [39m[38;5;204mIN_FEATURES[39m[38;5;15m:[39m
[38;5;15m    [39m[38;5;15m-[39m[38;5;15m [39m[38;5;141mp3[39m
[38;5;15m    [39m[38;5;15m-[39m[38;5;15m [39m[38;5;141mp4[39m
[38;5;15m    [39m[38;5;15m-[39m[38;5;15m [39m[38;5;141mp5[39m
[38;5;15m    [39m[38;5;15m-[39m[38;5;15m [39m[38;5;141mp6[39m
[38;5;15m    [39m[38;5;15m-[39m[38;5;15m [39m[38;5;141mp7[39m
[38;5;15m    [39m[38;5;204mIOU_LABELS[39m[38;5;15m:[39m
[38;5;15m    [39m[38;5;15m-[39m[38;5;15m [39m[38;5;141m0[39m
[38;5;15m    [39m[38;5;15m-[39m[38;5;15m [39m[38;5;141m-1[39m
[38;5;15m    [39m[38;5;15m-[39m[38;5;15m [39m[38;5;141m1[39m
[38;5;15m    [39m[38;5;204mIOU_THRESHOLDS[39m[38;5;15m:[39m
[38;5;15m    [39m[38;5;15m-[39m[38;5;15m [39m[38;5;141m0.4[39m
[38;5;15m    [39m[38;5;15m-[39m[38;5;15m [39m[38;5;141m0.5[39m
[38;5;15m    [39m[38;5;204mNMS_THRESH_TEST[39m[38;5;15m:[39m[38;5;15m [39m[38;5;141m0.5[39m
[38;5;15m    [39m[38;5;204mNORM[39m[38;5;15m:[39m[38;5;15m [39m[38;5;186m'[39m[38;5;186m'[39m
[38;5;15m    [39m[38;5;204mNUM_CLASSES[39m[38;5;15m:[39m[38;5;15m [39m[38;5;141m80[39m
[38;5;15m    [39m[38;5;204mNUM_CONVS[39m[38;5;15m:[39m[38;5;15m [39m[38;5;141m4[39m
[38;5;15m    [39m[38;5;204mPRIOR_PROB[39m[38;5;15m:[39m[38;5;15m [39m[38;5;141m0.01[39m
[38;5;15m    [39m[38;5;204mSCORE_THRESH_TEST[39m[38;5;15m:[39m[38;5;15m [39m[38;5;141m0.05[39m
[38;5;15m    [39m[38;5;204mSMOOTH_L1_LOSS_BETA[39m[38;5;15m:[39m[38;5;15m [39m[38;5;141m0.1[39m
[38;5;15m    [39m[38;5;204mTOPK_CANDIDATES_TEST[39m[38;5;15m:[39m[38;5;15m [39m[38;5;141m1000[39m
[38;5;15m  [39m[38;5;204mROI_BOX_CASCADE_HEAD[39m[38;5;15m:[39m
[38;5;15m    [39m[38;5;204mBBOX_REG_WEIGHTS[39m[38;5;15m:[39m
[38;5;15m    [39m[38;5;15m-[39m[38;5;15m [39m[38;5;15m&id001[39m
[38;5;15m      [39m[38;5;15m-[39m[38;5;15m [39m[38;5;141m10.0[39m
[38;5;15m      [39m[38;5;15m-[39m[38;5;15m [39m[38;5;141m10.0[39m
[38;5;15m      [39m[38;5;15m-[39m[38;5;15m [39m[38;5;141m5.0[39m
[38;5;15m      [39m[38;5;15m-[39m[38;5;15m [39m[38;5;141m5.0[39m
[38;5;15m    [39m[38;5;15m-[39m[38;5;15m [39m[38;5;15m-[39m[38;5;15m [39m[38;5;141m20.0[39m
[38;5;15m      [39m[38;5;15m-[39m[38;5;15m [39m[38;5;141m20.0[39m
[38;5;15m      [39m[38;5;15m-[39m[38;5;15m [39m[38;5;141m10.0[39m
[38;5;15m      [39m[38;5;15m-[39m[38;5;15m [39m[38;5;141m10.0[39m
[38;5;15m    [39m[38;5;15m-[39m[38;5;15m [39m[38;5;15m-[39m[38;5;15m [39m[38;5;141m30.0[39m
[38;5;15m      [39m[38;5;15m-[39m[38;5;15m [39m[38;5;141m30.0[39m
[38;5;15m      [39m[38;5;15m-[39m[38;5;15m [39m[38;5;141m15.0[39m
[38;5;15m      [39m[38;5;15m-[39m[38;5;15m [39m[38;5;141m15.0[39m
[38;5;15m    [39m[38;5;204mIOUS[39m[38;5;15m:[39m
[38;5;15m    [39m[38;5;15m-[39m[38;5;15m [39m[38;5;141m0.5[39m
[38;5;15m    [39m[38;5;15m-[39m[38;5;15m [39m[38;5;141m0.6[39m
[38;5;15m    [39m[38;5;15m-[39m[38;5;15m [39m[38;5;141m0.7[39m
[38;5;15m  [39m[38;5;204mROI_BOX_HEAD[39m[38;5;15m:[39m
[38;5;15m    [39m[38;5;204mBBOX_REG_LOSS_TYPE[39m[38;5;15m:[39m[38;5;15m [39m[38;5;141msmooth_l1[39m
[38;5;15m    [39m[38;5;204mBBOX_REG_LOSS_WEIGHT[39m[38;5;15m:[39m[38;5;15m [39m[38;5;141m1.0[39m
[38;5;15m    [39m[38;5;204mBBOX_REG_WEIGHTS[39m[38;5;15m:[39m[38;5;15m [39m[38;5;15m*id001[39m
[38;5;15m    [39m[38;5;204mCLS_AGNOSTIC_BBOX_REG[39m[38;5;15m:[39m[38;5;15m [39m[38;5;141mfalse[39m
[38;5;15m    [39m[38;5;204mCONV_DIM[39m[38;5;15m:[39m[38;5;15m [39m[38;5;141m256[39m
[38;5;15m    [39m[38;5;204mFC_DIM[39m[38;5;15m:[39m[38;5;15m [39m[38;5;141m1024[39m
[38;5;15m    [39m[38;5;204mFED_LOSS_FREQ_WEIGHT_POWER[39m[38;5;15m:[39m[38;5;15m [39m[38;5;141m0.5[39m
[38;5;15m    [39m[38;5;204mFED_LOSS_NUM_CLASSES[39m[38;5;15m:[39m[38;5;15m [39m[38;5;141m50[39m
[38;5;15m    [39m[38;5;204mNAME[39m[38;5;15m:[39m[38;5;15m [39m[38;5;186m'[39m[38;5;186m'[39m
[38;5;15m    [39m[38;5;204mNORM[39m[38;5;15m:[39m[38;5;15m [39m[38;5;186m'[39m[38;5;186m'[39m
[38;5;15m    [39m[38;5;204mNUM_CONV[39m[38;5;15m:[39m[38;5;15m [39m[38;5;141m0[39m
[38;5;15m    [39m[38;5;204mNUM_FC[39m[38;5;15m:[39m[38;5;15m [39m[38;5;141m0[39m
[38;5;15m    [39m[38;5;204mPOOLER_RESOLUTION[39m[38;5;15m:[39m[38;5;15m [39m[38;5;141m7[39m
[38;5;15m    [39m[38;5;204mPOOLER_SAMPLING_RATIO[39m[38;5;15m:[39m[38;5;15m [39m[38;5;141m2[39m
[38;5;15m    [39m[38;5;204mPOOLER_TYPE[39m[38;5;15m:[39m[38;5;15m [39m[38;5;141mROIAlignV2[39m
[38;5;15m    [39m[38;5;204mSMOOTH_L1_BETA[39m[38;5;15m:[39m[38;5;15m [39m[38;5;141m0.0[39m
[38;5;15m    [39m[38;5;204mTRAIN_ON_PRED_BOXES[39m[38;5;15m:[39m[38;5;15m [39m[38;5;141mfalse[39m
[38;5;15m    [39m[38;5;204mUSE_FED_LOSS[39m[38;5;15m:[39m[38;5;15m [39m[38;5;141mfalse[39m
[38;5;15m    [39m[38;5;204mUSE_SIGMOID_CE[39m[38;5;15m:[39m[38;5;15m [39m[38;5;141mfalse[39m
[38;5;15m  [39m[38;5;204mROI_HEADS[39m[38;5;15m:[39m
[38;5;15m    [39m[38;5;204mBATCH_SIZE_PER_IMAGE[39m[38;5;15m:[39m[38;5;15m [39m[38;5;141m512[39m
[38;5;15m    [39m[38;5;204mIN_FEATURES[39m[38;5;15m:[39m
[38;5;15m    [39m[38;5;15m-[39m[38;5;15m [39m[38;5;141mp0[39m
[38;5;15m    [39m[38;5;15m-[39m[38;5;15m [39m[38;5;141mp1[39m
[38;5;15m    [39m[38;5;15m-[39m[38;5;15m [39m[38;5;141mp2[39m
[38;5;15m    [39m[38;5;15m-[39m[38;5;15m [39m[38;5;141mp3[39m
[38;5;15m    [39m[38;5;204mIOU_LABELS[39m[38;5;15m:[39m
[38;5;15m    [39m[38;5;15m-[39m[38;5;15m [39m[38;5;141m0[39m
[38;5;15m    [39m[38;5;15m-[39m[38;5;15m [39m[38;5;141m1[39m
[38;5;15m    [39m[38;5;204mIOU_THRESHOLDS[39m[38;5;15m:[39m
[38;5;15m    [39m[38;5;15m-[39m[38;5;15m [39m[38;5;141m0.5[39m
[38;5;15m    [39m[38;5;204mNAME[39m[38;5;15m:[39m[38;5;15m [39m[38;5;141mRes5ROIHeads[39m
[38;5;15m    [39m[38;5;204mNMS_THRESH_TEST[39m[38;5;15m:[39m[38;5;15m [39m[38;5;141m0.5[39m
[38;5;15m    [39m[38;5;204mNUM_CLASSES[39m[38;5;15m:[39m[38;5;15m [39m[38;5;141m80[39m
[38;5;15m    [39m[38;5;204mPOSITIVE_FRACTION[39m[38;5;15m:[39m[38;5;15m [39m[38;5;141m0.25[39m
[38;5;15m    [39m[38;5;204mPROPOSAL_APPEND_GT[39m[38;5;15m:[39m[38;5;15m [39m[38;5;141mtrue[39m
[38;5;15m    [39m[38;5;204mSCORE_THRESH_TEST[39m[38;5;15m:[39m[38;5;15m [39m[38;5;141m0.05[39m
[38;5;15m  [39m[38;5;204mROI_KEYPOINT_HEAD[39m[38;5;15m:[39m
[38;5;15m    [39m[38;5;204mCONV_DIMS[39m[38;5;15m:[39m
[38;5;15m    [39m[38;5;15m-[39m[38;5;15m [39m[38;5;141m512[39m
[38;5;15m    [39m[38;5;15m-[39m[38;5;15m [39m[38;5;141m512[39m
[38;5;15m    [39m[38;5;15m-[39m[38;5;15m [39m[38;5;141m512[39m
[38;5;15m    [39m[38;5;15m-[39m[38;5;15m [39m[38;5;141m512[39m
[38;5;15m    [39m[38;5;15m-[39m[38;5;15m [39m[38;5;141m512[39m
[38;5;15m    [39m[38;5;15m-[39m[38;5;15m [39m[38;5;141m512[39m
[38;5;15m    [39m[38;5;15m-[39m[38;5;15m [39m[38;5;141m512[39m
[38;5;15m    [39m[38;5;15m-[39m[38;5;15m [39m[38;5;141m512[39m
[38;5;15m    [39m[38;5;204mLOSS_WEIGHT[39m[38;5;15m:[39m[38;5;15m [39m[38;5;141m1.0[39m
[38;5;15m    [39m[38;5;204mMIN_KEYPOINTS_PER_IMAGE[39m[38;5;15m:[39m[38;5;15m [39m[38;5;141m1[39m
[38;5;15m    [39m[38;5;204mNAME[39m[38;5;15m:[39m[38;5;15m [39m[38;5;141mKRCNNConvDeconvUpsampleHead[39m
[38;5;15m    [39m[38;5;204mNORMALIZE_LOSS_BY_VISIBLE_KEYPOINTS[39m[38;5;15m:[39m[38;5;15m [39m[38;5;141mtrue[39m
[38;5;15m    [39m[38;5;204mNUM_KEYPOINTS[39m[38;5;15m:[39m[38;5;15m [39m[38;5;141m17[39m
[38;5;15m    [39m[38;5;204mPOOLER_RESOLUTION[39m[38;5;15m:[39m[38;5;15m [39m[38;5;141m14[39m
[38;5;15m    [39m[38;5;204mPOOLER_SAMPLING_RATIO[39m[38;5;15m:[39m[38;5;15m [39m[38;5;141m0[39m
[38;5;15m    [39m[38;5;204mPOOLER_TYPE[39m[38;5;15m:[39m[38;5;15m [39m[38;5;141mROIAlignV2[39m
[38;5;15m  [39m[38;5;204mROI_MASK_HEAD[39m[38;5;15m:[39m
[38;5;15m    [39m[38;5;204mCLS_AGNOSTIC_MASK[39m[38;5;15m:[39m[38;5;15m [39m[38;5;141mfalse[39m
[38;5;15m    [39m[38;5;204mCONV_DIM[39m[38;5;15m:[39m[38;5;15m [39m[38;5;141m256[39m
[38;5;15m    [39m[38;5;204mNAME[39m[38;5;15m:[39m[38;5;15m [39m[38;5;141mMaskRCNNConvUpsampleHead[39m
[38;5;15m    [39m[38;5;204mNORM[39m[38;5;15m:[39m[38;5;15m [39m[38;5;186m'[39m[38;5;186m'[39m
[38;5;15m    [39m[38;5;204mNUM_CONV[39m[38;5;15m:[39m[38;5;15m [39m[38;5;141m0[39m
[38;5;15m    [39m[38;5;204mPOOLER_RESOLUTION[39m[38;5;15m:[39m[38;5;15m [39m[38;5;141m14[39m
[38;5;15m    [39m[38;5;204mPOOLER_SAMPLING_RATIO[39m[38;5;15m:[39m[38;5;15m [39m[38;5;141m0[39m
[38;5;15m    [39m[38;5;204mPOOLER_TYPE[39m[38;5;15m:[39m[38;5;15m [39m[38;5;141mROIAlignV2[39m
[38;5;15m  [39m[38;5;204mRPN[39m[38;5;15m:[39m
[38;5;15m    [39m[38;5;204mBATCH_SIZE_PER_IMAGE[39m[38;5;15m:[39m[38;5;15m [39m[38;5;141m256[39m
[38;5;15m    [39m[38;5;204mBBOX_REG_LOSS_TYPE[39m[38;5;15m:[39m[38;5;15m [39m[38;5;141msmooth_l1[39m
[38;5;15m    [39m[38;5;204mBBOX_REG_LOSS_WEIGHT[39m[38;5;15m:[39m[38;5;15m [39m[38;5;141m1.0[39m
[38;5;15m    [39m[38;5;204mBBOX_REG_WEIGHTS[39m[38;5;15m:[39m[38;5;15m [39m[38;5;15m*id002[39m
[38;5;15m    [39m[38;5;204mBOUNDARY_THRESH[39m[38;5;15m:[39m[38;5;15m [39m[38;5;141m-1[39m
[38;5;15m    [39m[38;5;204mCONV_DIMS[39m[38;5;15m:[39m
[38;5;15m    [39m[38;5;15m-[39m[38;5;15m [39m[38;5;141m-1[39m
[38;5;15m    [39m[38;5;204mHEAD_NAME[39m[38;5;15m:[39m[38;5;15m [39m[38;5;141mStandardRPNHead[39m
[38;5;15m    [39m[38;5;204mIN_FEATURES[39m[38;5;15m:[39m
[38;5;15m    [39m[38;5;15m-[39m[38;5;15m [39m[38;5;141mres4[39m
[38;5;15m    [39m[38;5;204mIOU_LABELS[39m[38;5;15m:[39m
[38;5;15m    [39m[38;5;15m-[39m[38;5;15m [39m[38;5;141m0[39m
[38;5;15m    [39m[38;5;15m-[39m[38;5;15m [39m[38;5;141m-1[39m
[38;5;15m    [39m[38;5;15m-[39m[38;5;15m [39m[38;5;141m1[39m
[38;5;15m    [39m[38;5;204mIOU_THRESHOLDS[39m[38;5;15m:[39m
[38;5;15m    [39m[38;5;15m-[39m[38;5;15m [39m[38;5;141m0.3[39m
[38;5;15m    [39m[38;5;15m-[39m[38;5;15m [39m[38;5;141m0.7[39m
[38;5;15m    [39m[38;5;204mLOSS_WEIGHT[39m[38;5;15m:[39m[38;5;15m [39m[38;5;141m1.0[39m
[38;5;15m    [39m[38;5;204mNMS_THRESH[39m[38;5;15m:[39m[38;5;15m [39m[38;5;141m0.7[39m
[38;5;15m    [39m[38;5;204mPOSITIVE_FRACTION[39m[38;5;15m:[39m[38;5;15m [39m[38;5;141m0.5[39m
[38;5;15m    [39m[38;5;204mPOST_NMS_TOPK_TEST[39m[38;5;15m:[39m[38;5;15m [39m[38;5;141m1000[39m
[38;5;15m    [39m[38;5;204mPOST_NMS_TOPK_TRAIN[39m[38;5;15m:[39m[38;5;15m [39m[38;5;141m2000[39m
[38;5;15m    [39m[38;5;204mPRE_NMS_TOPK_TEST[39m[38;5;15m:[39m[38;5;15m [39m[38;5;141m6000[39m
[38;5;15m    [39m[38;5;204mPRE_NMS_TOPK_TRAIN[39m[38;5;15m:[39m[38;5;15m [39m[38;5;141m12000[39m
[38;5;15m    [39m[38;5;204mSMOOTH_L1_BETA[39m[38;5;15m:[39m[38;5;15m [39m[38;5;141m0.0[39m
[38;5;15m  [39m[38;5;204mSEM_SEG_HEAD[39m[38;5;15m:[39m
[38;5;15m    [39m[38;5;204mCOMMON_STRIDE[39m[38;5;15m:[39m[38;5;15m [39m[38;5;141m4[39m
[38;5;15m    [39m[38;5;204mCONVS_DIM[39m[38;5;15m:[39m[38;5;15m [39m[38;5;141m128[39m
[38;5;15m    [39m[38;5;204mIGNORE_VALUE[39m[38;5;15m:[39m[38;5;15m [39m[38;5;141m255[39m
[38;5;15m    [39m[38;5;204mIN_FEATURES[39m[38;5;15m:[39m
[38;5;15m    [39m[38;5;15m-[39m[38;5;15m [39m[38;5;141mp2[39m
[38;5;15m    [39m[38;5;15m-[39m[38;5;15m [39m[38;5;141mp3[39m
[38;5;15m    [39m[38;5;15m-[39m[38;5;15m [39m[38;5;141mp4[39m
[38;5;15m    [39m[38;5;15m-[39m[38;5;15m [39m[38;5;141mp5[39m
[38;5;15m    [39m[38;5;204mLOSS_WEIGHT[39m[38;5;15m:[39m[38;5;15m [39m[38;5;141m1.0[39m
[38;5;15m    [39m[38;5;204mNAME[39m[38;5;15m:[39m[38;5;15m [39m[38;5;141mSemSegFPNHead[39m
[38;5;15m    [39m[38;5;204mNORM[39m[38;5;15m:[39m[38;5;15m [39m[38;5;141mGN[39m
[38;5;15m    [39m[38;5;204mNUM_CLASSES[39m[38;5;15m:[39m[38;5;15m [39m[38;5;141m54[39m
[38;5;15m  [39m[38;5;204mSWIN[39m[38;5;15m:[39m
[38;5;15m    [39m[38;5;204mOUT_FEATURES[39m[38;5;15m:[39m
[38;5;15m    [39m[38;5;15m-[39m[38;5;15m [39m[38;5;141m0[39m
[38;5;15m    [39m[38;5;15m-[39m[38;5;15m [39m[38;5;141m1[39m
[38;5;15m    [39m[38;5;15m-[39m[38;5;15m [39m[38;5;141m2[39m
[38;5;15m    [39m[38;5;15m-[39m[38;5;15m [39m[38;5;141m3[39m
[38;5;15m    [39m[38;5;204mSIZE[39m[38;5;15m:[39m[38;5;15m [39m[38;5;141mB[39m
[38;5;15m    [39m[38;5;204mUSE_CHECKPOINT[39m[38;5;15m:[39m[38;5;15m [39m[38;5;141mfalse[39m
[38;5;15m  [39m[38;5;204mWEIGHTS[39m[38;5;15m:[39m[38;5;15m [39m[38;5;186m'[39m[38;5;186m'[39m
[38;5;204mMODEL_EMA[39m[38;5;15m:[39m
[38;5;15m  [39m[38;5;204mDECAY[39m[38;5;15m:[39m[38;5;15m [39m[38;5;141m0.999[39m
[38;5;15m  [39m[38;5;204mDEVICE[39m[38;5;15m:[39m[38;5;15m [39m[38;5;186m'[39m[38;5;186m'[39m
[38;5;15m  [39m[38;5;204mENABLED[39m[38;5;15m:[39m[38;5;15m [39m[38;5;141mfalse[39m
[38;5;15m  [39m[38;5;204mUSE_EMA_WEIGHTS_FOR_EVAL_ONLY[39m[38;5;15m:[39m[38;5;15m [39m[38;5;141mfalse[39m
[38;5;15m  [39m[38;5;204mYOLOX[39m[38;5;15m:[39m[38;5;15m [39m[38;5;141mfalse[39m
[38;5;204mOUTPUT_DIR[39m[38;5;15m:[39m[38;5;15m [39m[38;5;141m./output[39m
[38;5;204mSEED[39m[38;5;15m:[39m[38;5;15m [39m[38;5;141m40244023[39m
[38;5;204mSOLVER[39m[38;5;15m:[39m
[38;5;15m  [39m[38;5;204mAMP[39m[38;5;15m:[39m
[38;5;15m    [39m[38;5;204mENABLED[39m[38;5;15m:[39m[38;5;15m [39m[38;5;141mfalse[39m
[38;5;15m  [39m[38;5;204mBACKBONE_MULTIPLIER_AST[39m[38;5;15m:[39m[38;5;15m [39m[38;5;141m1.0[39m
[38;5;15m  [39m[38;5;204mBACKBONE_MULTIPLIER_FPN[39m[38;5;15m:[39m[38;5;15m [39m[38;5;141m1.0[39m
[38;5;15m  [39m[38;5;204mBASE_LR[39m[38;5;15m:[39m[38;5;15m [39m[38;5;141m1.0e-06[39m
[38;5;15m  [39m[38;5;204mBASE_LR_END[39m[38;5;15m:[39m[38;5;15m [39m[38;5;141m0.0[39m
[38;5;15m  [39m[38;5;204mBIAS_LR_FACTOR[39m[38;5;15m:[39m[38;5;15m [39m[38;5;141m1.0[39m
[38;5;15m  [39m[38;5;204mCHECKPOINT_PERIOD[39m[38;5;15m:[39m[38;5;15m [39m[38;5;141m900[39m
[38;5;15m  [39m[38;5;204mCLIP_GRADIENTS[39m[38;5;15m:[39m
[38;5;15m    [39m[38;5;204mCLIP_TYPE[39m[38;5;15m:[39m[38;5;15m [39m[38;5;141mfull_model[39m
[38;5;15m    [39m[38;5;204mCLIP_VALUE[39m[38;5;15m:[39m[38;5;15m [39m[38;5;141m1.0[39m
[38;5;15m    [39m[38;5;204mENABLED[39m[38;5;15m:[39m[38;5;15m [39m[38;5;141mtrue[39m
[38;5;15m    [39m[38;5;204mNORM_TYPE[39m[38;5;15m:[39m[38;5;15m [39m[38;5;141m2.0[39m
[38;5;15m  [39m[38;5;204mGAMMA[39m[38;5;15m:[39m[38;5;15m [39m[38;5;141m0.1[39m
[38;5;15m  [39m[38;5;204mIMS_PER_BATCH[39m[38;5;15m:[39m[38;5;15m [39m[38;5;141m16[39m
[38;5;15m  [39m[38;5;204mLR_SCHEDULER_NAME[39m[38;5;15m:[39m[38;5;15m [39m[38;5;141mWarmupMultiStepLR[39m
[38;5;15m  [39m[38;5;204mMAX_ITER[39m[38;5;15m:[39m[38;5;15m [39m[38;5;141m104650[39m
[38;5;15m  [39m[38;5;204mMOMENTUM[39m[38;5;15m:[39m[38;5;15m [39m[38;5;141m0.9[39m
[38;5;15m  [39m[38;5;204mNESTEROV[39m[38;5;15m:[39m[38;5;15m [39m[38;5;141mfalse[39m
[38;5;15m  [39m[38;5;204mNUM_DECAYS[39m[38;5;15m:[39m[38;5;15m [39m[38;5;141m3[39m
[38;5;15m  [39m[38;5;204mNUM_EPOCHS[39m[38;5;15m:[39m[38;5;15m [39m[38;5;141m50[39m
[38;5;15m  [39m[38;5;204mOPTIMIZER[39m[38;5;15m:[39m[38;5;15m [39m[38;5;141mADAMW[39m
[38;5;15m  [39m[38;5;204mREFERENCE_WORLD_SIZE[39m[38;5;15m:[39m[38;5;15m [39m[38;5;141m0[39m
[38;5;15m  [39m[38;5;204mRESCALE_INTERVAL[39m[38;5;15m:[39m[38;5;15m [39m[38;5;141mfalse[39m
[38;5;15m  [39m[38;5;204mSTEPS[39m[38;5;15m:[39m
[38;5;15m  [39m[38;5;15m-[39m[38;5;15m [39m[38;5;141m210000[39m
[38;5;15m  [39m[38;5;15m-[39m[38;5;15m [39m[38;5;141m250000[39m
[38;5;15m  [39m[38;5;204mWARMUP_FACTOR[39m[38;5;15m:[39m[38;5;15m [39m[38;5;141m0.001[39m
[38;5;15m  [39m[38;5;204mWARMUP_ITERS[39m[38;5;15m:[39m[38;5;15m [39m[38;5;141m2093[39m
[38;5;15m  [39m[38;5;204mWARMUP_METHOD[39m[38;5;15m:[39m[38;5;15m [39m[38;5;141mlinear[39m
[38;5;15m  [39m[38;5;204mWEIGHT_DECAY[39m[38;5;15m:[39m[38;5;15m [39m[38;5;141m0.0001[39m
[38;5;15m  [39m[38;5;204mWEIGHT_DECAY_BIAS[39m[38;5;15m:[39m[38;5;15m [39m[38;5;141mnull[39m
[38;5;15m  [39m[38;5;204mWEIGHT_DECAY_NORM[39m[38;5;15m:[39m[38;5;15m [39m[38;5;141m0.0[39m
[38;5;204mTEST[39m[38;5;15m:[39m
[38;5;15m  [39m[38;5;204mAUG[39m[38;5;15m:[39m
[38;5;15m    [39m[38;5;204mCVPODS_TTA[39m[38;5;15m:[39m[38;5;15m [39m[38;5;141mtrue[39m
[38;5;15m    [39m[38;5;204mENABLED[39m[38;5;15m:[39m[38;5;15m [39m[38;5;141mfalse[39m
[38;5;15m    [39m[38;5;204mFLIP[39m[38;5;15m:[39m[38;5;15m [39m[38;5;141mtrue[39m
[38;5;15m    [39m[38;5;204mMAX_SIZE[39m[38;5;15m:[39m[38;5;15m [39m[38;5;141m4000[39m
[38;5;15m    [39m[38;5;204mMIN_SIZES[39m[38;5;15m:[39m
[38;5;15m    [39m[38;5;15m-[39m[38;5;15m [39m[38;5;141m400[39m
[38;5;15m    [39m[38;5;15m-[39m[38;5;15m [39m[38;5;141m500[39m
[38;5;15m    [39m[38;5;15m-[39m[38;5;15m [39m[38;5;141m600[39m
[38;5;15m    [39m[38;5;15m-[39m[38;5;15m [39m[38;5;141m640[39m
[38;5;15m    [39m[38;5;15m-[39m[38;5;15m [39m[38;5;141m700[39m
[38;5;15m    [39m[38;5;15m-[39m[38;5;15m [39m[38;5;141m900[39m
[38;5;15m    [39m[38;5;15m-[39m[38;5;15m [39m[38;5;141m1000[39m
[38;5;15m    [39m[38;5;15m-[39m[38;5;15m [39m[38;5;141m1100[39m
[38;5;15m    [39m[38;5;15m-[39m[38;5;15m [39m[38;5;141m1200[39m
[38;5;15m    [39m[38;5;15m-[39m[38;5;15m [39m[38;5;141m1300[39m
[38;5;15m    [39m[38;5;15m-[39m[38;5;15m [39m[38;5;141m1400[39m
[38;5;15m    [39m[38;5;15m-[39m[38;5;15m [39m[38;5;141m1800[39m
[38;5;15m    [39m[38;5;15m-[39m[38;5;15m [39m[38;5;141m800[39m
[38;5;15m    [39m[38;5;204mSCALE_FILTER[39m[38;5;15m:[39m[38;5;15m [39m[38;5;141mtrue[39m
[38;5;15m    [39m[38;5;204mSCALE_RANGES[39m[38;5;15m:[39m
[38;5;15m    [39m[38;5;15m-[39m[38;5;15m [39m[38;5;15m-[39m[38;5;15m [39m[38;5;141m96[39m
[38;5;15m      [39m[38;5;15m-[39m[38;5;15m [39m[38;5;141m10000[39m
[38;5;15m    [39m[38;5;15m-[39m[38;5;15m [39m[38;5;15m-[39m[38;5;15m [39m[38;5;141m96[39m
[38;5;15m      [39m[38;5;15m-[39m[38;5;15m [39m[38;5;141m10000[39m
[38;5;15m    [39m[38;5;15m-[39m[38;5;15m [39m[38;5;15m-[39m[38;5;15m [39m[38;5;141m64[39m
[38;5;15m      [39m[38;5;15m-[39m[38;5;15m [39m[38;5;141m10000[39m
[38;5;15m    [39m[38;5;15m-[39m[38;5;15m [39m[38;5;15m-[39m[38;5;15m [39m[38;5;141m64[39m
[38;5;15m      [39m[38;5;15m-[39m[38;5;15m [39m[38;5;141m10000[39m
[38;5;15m    [39m[38;5;15m-[39m[38;5;15m [39m[38;5;15m-[39m[38;5;15m [39m[38;5;141m64[39m
[38;5;15m      [39m[38;5;15m-[39m[38;5;15m [39m[38;5;141m10000[39m
[38;5;15m    [39m[38;5;15m-[39m[38;5;15m [39m[38;5;15m-[39m[38;5;15m [39m[38;5;141m0[39m
[38;5;15m      [39m[38;5;15m-[39m[38;5;15m [39m[38;5;141m10000[39m
[38;5;15m    [39m[38;5;15m-[39m[38;5;15m [39m[38;5;15m-[39m[38;5;15m [39m[38;5;141m0[39m
[38;5;15m      [39m[38;5;15m-[39m[38;5;15m [39m[38;5;141m10000[39m
[38;5;15m    [39m[38;5;15m-[39m[38;5;15m [39m[38;5;15m-[39m[38;5;15m [39m[38;5;141m0[39m
[38;5;15m      [39m[38;5;15m-[39m[38;5;15m [39m[38;5;141m256[39m
[38;5;15m    [39m[38;5;15m-[39m[38;5;15m [39m[38;5;15m-[39m[38;5;15m [39m[38;5;141m0[39m
[38;5;15m      [39m[38;5;15m-[39m[38;5;15m [39m[38;5;141m256[39m
[38;5;15m    [39m[38;5;15m-[39m[38;5;15m [39m[38;5;15m-[39m[38;5;15m [39m[38;5;141m0[39m
[38;5;15m      [39m[38;5;15m-[39m[38;5;15m [39m[38;5;141m192[39m
[38;5;15m    [39m[38;5;15m-[39m[38;5;15m [39m[38;5;15m-[39m[38;5;15m [39m[38;5;141m0[39m
[38;5;15m      [39m[38;5;15m-[39m[38;5;15m [39m[38;5;141m192[39m
[38;5;15m    [39m[38;5;15m-[39m[38;5;15m [39m[38;5;15m-[39m[38;5;15m [39m[38;5;141m0[39m
[38;5;15m      [39m[38;5;15m-[39m[38;5;15m [39m[38;5;141m96[39m
[38;5;15m    [39m[38;5;15m-[39m[38;5;15m [39m[38;5;15m-[39m[38;5;15m [39m[38;5;141m0[39m
[38;5;15m      [39m[38;5;15m-[39m[38;5;15m [39m[38;5;141m10000[39m
[38;5;15m  [39m[38;5;204mDETECTIONS_PER_IMAGE[39m[38;5;15m:[39m[38;5;15m [39m[38;5;141m100[39m
[38;5;15m  [39m[38;5;204mEVAL_PERIOD[39m[38;5;15m:[39m[38;5;15m [39m[38;5;141m2093[39m
[38;5;15m  [39m[38;5;204mEXPECTED_RESULTS[39m[38;5;15m:[39m[38;5;15m [39m[38;5;15m[[39m[38;5;15m][39m
[38;5;15m  [39m[38;5;204mKEYPOINT_OKS_SIGMAS[39m[38;5;15m:[39m[38;5;15m [39m[38;5;15m[[39m[38;5;15m][39m
[38;5;15m  [39m[38;5;204mPRECISE_BN[39m[38;5;15m:[39m
[38;5;15m    [39m[38;5;204mENABLED[39m[38;5;15m:[39m[38;5;15m [39m[38;5;141mfalse[39m
[38;5;15m    [39m[38;5;204mNUM_ITER[39m[38;5;15m:[39m[38;5;15m [39m[38;5;141m200[39m
[38;5;204mVERSION[39m[38;5;15m:[39m[38;5;15m [39m[38;5;141m2[39m
[38;5;204mVIS_PERIOD[39m[38;5;15m:[39m[38;5;15m [39m[38;5;141m0[39m

[12/30 03:42:42 detectron2]: Full config saved to ./output/config.yaml
Some weights of ASTModel were not initialized from the model checkpoint at MIT/ast-finetuned-audioset-10-10-0.448-v2 and are newly initialized because the shapes did not match:
- audio_spectrogram_transformer.embeddings.position_embeddings: found shape torch.Size([1, 1214, 768]) in the checkpoint and torch.Size([1, 1190, 768]) in the model instantiated
You should probably TRAIN this model on a down-stream task to be able to use it for predictions and inference.
['AST_3', 'AST_6', 'AST_9', 'AST_12'] 256
####################### LOADING DATASET ami WITH SPLIT train #######################
  0%|          | 0/137 [00:00<?, ?it/s]  1%|          | 1/137 [00:00<02:07,  1.07it/s]  1%|▏         | 2/137 [00:01<01:59,  1.13it/s]  2%|▏         | 3/137 [00:02<01:39,  1.34it/s]  3%|▎         | 4/137 [00:03<01:35,  1.40it/s]  4%|▎         | 5/137 [00:03<01:17,  1.70it/s]  4%|▍         | 6/137 [00:03<01:16,  1.72it/s]  5%|▌         | 7/137 [00:04<01:28,  1.46it/s]  6%|▌         | 8/137 [00:05<01:23,  1.54it/s]  7%|▋         | 9/137 [00:05<01:17,  1.65it/s]  7%|▋         | 10/137 [00:06<01:08,  1.84it/s]  8%|▊         | 11/137 [00:06<01:06,  1.88it/s]  9%|▉         | 12/137 [00:07<01:19,  1.57it/s]  9%|▉         | 13/137 [00:07<01:02,  1.97it/s] 10%|█         | 14/137 [00:08<00:57,  2.14it/s] 11%|█         | 15/137 [00:08<00:54,  2.24it/s] 12%|█▏        | 16/137 [00:09<00:53,  2.26it/s] 12%|█▏        | 17/137 [00:09<00:44,  2.72it/s] 13%|█▎        | 18/137 [00:09<00:42,  2.77it/s] 14%|█▍        | 19/137 [00:10<00:42,  2.75it/s] 15%|█▍        | 20/137 [00:10<00:43,  2.71it/s] 16%|█▌        | 22/137 [00:10<00:34,  3.32it/s] 17%|█▋        | 23/137 [00:11<00:36,  3.13it/s] 18%|█▊        | 24/137 [00:11<00:35,  3.21it/s] 18%|█▊        | 25/137 [00:11<00:31,  3.52it/s] 19%|█▉        | 26/137 [00:12<00:33,  3.28it/s] 20%|█▉        | 27/137 [00:12<00:35,  3.13it/s] 20%|██        | 28/137 [00:12<00:34,  3.13it/s] 21%|██        | 29/137 [00:12<00:30,  3.52it/s] 22%|██▏       | 30/137 [00:13<00:30,  3.54it/s] 23%|██▎       | 31/137 [00:13<00:33,  3.18it/s] 23%|██▎       | 32/137 [00:13<00:29,  3.54it/s] 24%|██▍       | 33/137 [00:14<00:25,  4.01it/s] 25%|██▍       | 34/137 [00:14<00:29,  3.53it/s] 26%|██▌       | 35/137 [00:14<00:30,  3.30it/s] 26%|██▋       | 36/137 [00:15<00:34,  2.93it/s] 27%|██▋       | 37/137 [00:15<00:30,  3.25it/s] 28%|██▊       | 38/137 [00:15<00:28,  3.50it/s] 28%|██▊       | 39/137 [00:15<00:28,  3.38it/s] 29%|██▉       | 40/137 [00:16<00:30,  3.22it/s] 31%|███       | 42/137 [00:16<00:24,  3.93it/s] 31%|███▏      | 43/137 [00:16<00:24,  3.76it/s] 32%|███▏      | 44/137 [00:17<00:30,  3.00it/s] 33%|███▎      | 45/137 [00:17<00:26,  3.42it/s] 34%|███▎      | 46/137 [00:18<00:28,  3.15it/s] 34%|███▍      | 47/137 [00:18<00:29,  3.03it/s] 35%|███▌      | 48/137 [00:18<00:24,  3.57it/s] 36%|███▌      | 49/137 [00:18<00:20,  4.20it/s] 36%|███▋      | 50/137 [00:19<00:23,  3.68it/s] 37%|███▋      | 51/137 [00:19<00:26,  3.27it/s] 38%|███▊      | 52/137 [00:19<00:26,  3.25it/s] 39%|███▊      | 53/137 [00:19<00:22,  3.67it/s] 39%|███▉      | 54/137 [00:20<00:25,  3.27it/s] 40%|████      | 55/137 [00:20<00:26,  3.06it/s] 41%|████      | 56/137 [00:21<00:30,  2.70it/s] 42%|████▏     | 57/137 [00:21<00:25,  3.16it/s] 42%|████▏     | 58/137 [00:21<00:26,  2.98it/s] 43%|████▎     | 59/137 [00:22<00:26,  2.95it/s] 44%|████▍     | 60/137 [00:22<00:25,  3.01it/s] 45%|████▍     | 61/137 [00:22<00:22,  3.32it/s] 45%|████▌     | 62/137 [00:23<00:24,  3.03it/s] 46%|████▌     | 63/137 [00:23<00:25,  2.91it/s] 47%|████▋     | 64/137 [00:23<00:23,  3.16it/s] 47%|████▋     | 65/137 [00:24<00:23,  3.11it/s] 48%|████▊     | 66/137 [00:24<00:28,  2.53it/s] 49%|████▉     | 67/137 [00:24<00:27,  2.52it/s] 50%|████▉     | 68/137 [00:25<00:28,  2.40it/s] 50%|█████     | 69/137 [00:25<00:27,  2.44it/s] 51%|█████     | 70/137 [00:26<00:30,  2.20it/s] 52%|█████▏    | 71/137 [00:26<00:25,  2.63it/s] 53%|█████▎    | 72/137 [00:27<00:27,  2.39it/s] 53%|█████▎    | 73/137 [00:27<00:28,  2.24it/s] 54%|█████▍    | 74/137 [00:28<00:31,  2.03it/s] 55%|█████▍    | 75/137 [00:29<00:38,  1.62it/s] 55%|█████▌    | 76/137 [00:29<00:31,  1.96it/s] 56%|█████▌    | 77/137 [00:29<00:28,  2.11it/s] 57%|█████▋    | 78/137 [00:30<00:25,  2.30it/s] 58%|█████▊    | 79/137 [00:30<00:25,  2.31it/s] 58%|█████▊    | 80/137 [00:30<00:19,  2.87it/s] 59%|█████▉    | 81/137 [00:31<00:19,  2.89it/s] 60%|█████▉    | 82/137 [00:31<00:17,  3.19it/s] 61%|██████    | 83/137 [00:31<00:13,  3.87it/s] 61%|██████▏   | 84/137 [00:31<00:15,  3.38it/s] 62%|██████▏   | 85/137 [00:32<00:16,  3.23it/s] 63%|██████▎   | 86/137 [00:32<00:14,  3.58it/s] 64%|██████▎   | 87/137 [00:32<00:12,  4.16it/s] 64%|██████▍   | 88/137 [00:32<00:12,  4.01it/s] 65%|██████▍   | 89/137 [00:33<00:12,  3.74it/s] 66%|██████▌   | 90/137 [00:33<00:13,  3.44it/s] 66%|██████▋   | 91/137 [00:33<00:11,  4.11it/s] 67%|██████▋   | 92/137 [00:33<00:12,  3.61it/s] 68%|██████▊   | 93/137 [00:34<00:13,  3.28it/s] 69%|██████▊   | 94/137 [00:34<00:13,  3.23it/s] 69%|██████▉   | 95/137 [00:34<00:11,  3.73it/s] 70%|███████   | 96/137 [00:35<00:12,  3.39it/s] 71%|███████   | 97/137 [00:35<00:12,  3.26it/s] 72%|███████▏  | 98/137 [00:35<00:10,  3.89it/s] 72%|███████▏  | 99/137 [00:35<00:10,  3.51it/s] 73%|███████▎  | 100/137 [00:36<00:10,  3.39it/s] 74%|███████▎  | 101/137 [00:36<00:10,  3.37it/s] 74%|███████▍  | 102/137 [00:36<00:08,  3.91it/s] 75%|███████▌  | 103/137 [00:36<00:08,  4.11it/s] 76%|███████▌  | 104/137 [00:37<00:09,  3.65it/s] 77%|███████▋  | 105/137 [00:37<00:09,  3.44it/s] 77%|███████▋  | 106/137 [00:37<00:08,  3.72it/s] 78%|███████▊  | 107/137 [00:38<00:09,  3.22it/s] 79%|███████▉  | 108/137 [00:38<00:09,  2.98it/s] 80%|███████▉  | 109/137 [00:39<00:10,  2.72it/s] 80%|████████  | 110/137 [00:39<00:08,  3.12it/s] 81%|████████  | 111/137 [00:39<00:08,  2.93it/s] 82%|████████▏ | 112/137 [00:40<00:09,  2.73it/s] 82%|████████▏ | 113/137 [00:40<00:09,  2.48it/s] 83%|████████▎ | 114/137 [00:40<00:08,  2.76it/s] 84%|████████▍ | 115/137 [00:41<00:09,  2.39it/s] 85%|████████▍ | 116/137 [00:41<00:08,  2.42it/s] 85%|████████▌ | 117/137 [00:42<00:08,  2.33it/s] 86%|████████▌ | 118/137 [00:42<00:06,  2.72it/s] 87%|████████▋ | 119/137 [00:42<00:06,  2.69it/s] 88%|████████▊ | 120/137 [00:43<00:06,  2.60it/s] 88%|████████▊ | 121/137 [00:43<00:06,  2.46it/s] 89%|████████▉ | 122/137 [00:44<00:05,  2.78it/s] 90%|████████▉ | 123/137 [00:44<00:05,  2.67it/s] 91%|█████████ | 124/137 [00:44<00:05,  2.56it/s] 91%|█████████ | 125/137 [00:45<00:04,  2.66it/s] 92%|█████████▏| 126/137 [00:45<00:03,  3.16it/s] 93%|█████████▎| 127/137 [00:45<00:03,  3.06it/s] 93%|█████████▎| 128/137 [00:46<00:03,  2.99it/s] 94%|█████████▍| 129/137 [00:46<00:02,  3.04it/s] 95%|█████████▍| 130/137 [00:46<00:02,  3.27it/s] 96%|█████████▌| 131/137 [00:47<00:01,  3.09it/s] 96%|█████████▋| 132/137 [00:47<00:01,  2.90it/s] 97%|█████████▋| 133/137 [00:47<00:01,  2.88it/s] 98%|█████████▊| 134/137 [00:47<00:00,  3.49it/s] 99%|█████████▊| 135/137 [00:48<00:00,  3.11it/s] 99%|█████████▉| 136/137 [00:48<00:00,  2.91it/s]100%|██████████| 137/137 [00:49<00:00,  2.80it/s]                                                 WARNING: end time is greater than the audio length for audio datasets/ami/audio/TS3007c.wav
WARNING: start time is greater than the audio length for audio datasets/ami/audio/TS3007c.wav
WARNING: start time is greater than the audio length for audio datasets/ami/audio/TS3007c.wav
WARNING: start time is greater than the audio length for audio datasets/ami/audio/TS3007c.wav
WARNING: start time is greater than the audio length for audio datasets/ami/audio/TS3007c.wav
- sampling rate: 16000
- max length: 1000
- max boxes per segment 18
- number of segments 29312
[12/30 03:43:33 d2.data.build]: Making batched data loader with batch_size=14
WARNING [12/30 03:43:33 d2.solver.build]: SOLVER.STEPS contains values larger than SOLVER.MAX_ITER. These values will be ignored.
[12/30 03:43:33 d2.checkpoint.detection_checkpoint]: [DetectionCheckpointer] Loading from  ...
[12/30 03:43:33 fvcore.common.checkpoint]: No checkpoint found. Initializing model from scratch
[12/30 03:43:33 d2.engine.train_loop]: Starting training from iteration 0
[12/30 03:43:39 d2.utils.events]:  iter: 0  total_loss: 8.681  loss_ce: 3.34  loss_bbox: 2.751  loss_giou: 2.589    data_time: 0.6304  last_data_time: 0.6304   lr: 1e-09  max_mem: 11166M
[12/30 03:43:43 d2.utils.events]:  eta: 4 days, 11:34:13  iter: 1  total_loss: 8.657  loss_ce: 3.357  loss_bbox: 2.831  loss_giou: 2.469    data_time: 0.3153  last_data_time: 0.0002   lr: 1.4773e-09  max_mem: 13105M
[12/30 03:43:46 d2.utils.events]:  eta: 4 days, 16:19:20  iter: 2  total_loss: 8.634  loss_ce: 3.34  loss_bbox: 2.911  loss_giou: 2.359    time: 3.8640  last_time: 3.8640  data_time: 0.2184  last_data_time: 0.0248   lr: 1.9546e-09  max_mem: 13105M
[12/30 03:43:50 d2.utils.events]:  eta: 4 days, 13:24:10  iter: 3  total_loss: 8.657  loss_ce: 3.32  loss_bbox: 2.915  loss_giou: 2.427    time: 3.7636  last_time: 3.6633  data_time: 0.1699  last_data_time: 0.0241   lr: 2.4319e-09  max_mem: 13105M
[12/30 03:43:54 d2.utils.events]:  eta: 4 days, 11:46:42  iter: 4  total_loss: 8.634  loss_ce: 3.304  loss_bbox: 2.911  loss_giou: 2.43    time: 3.7450  last_time: 3.7078  data_time: 0.1415  last_data_time: 0.0283   lr: 2.9092e-09  max_mem: 13105M
[12/30 03:43:57 d2.utils.events]:  eta: 4 days, 11:27:52  iter: 5  total_loss: 8.602  loss_ce: 3.322  loss_bbox: 2.874  loss_giou: 2.456    time: 3.7303  last_time: 3.6863  data_time: 0.1218  last_data_time: 0.0233   lr: 3.3865e-09  max_mem: 13105M
[12/30 03:44:01 d2.utils.events]:  eta: 4 days, 11:46:34  iter: 6  total_loss: 8.57  loss_ce: 3.304  loss_bbox: 2.837  loss_giou: 2.434    time: 3.7296  last_time: 3.7264  data_time: 0.1078  last_data_time: 0.0238   lr: 3.8638e-09  max_mem: 13105M
[12/30 03:44:05 d2.utils.events]:  eta: 4 days, 12:01:41  iter: 7  total_loss: 8.542  loss_ce: 3.302  loss_bbox: 2.874  loss_giou: 2.432    time: 3.7288  last_time: 3.7252  data_time: 0.0973  last_data_time: 0.0237   lr: 4.3411e-09  max_mem: 13105M
[12/30 03:44:09 d2.utils.events]:  eta: 4 days, 12:16:48  iter: 8  total_loss: 8.57  loss_ce: 3.3  loss_bbox: 2.911  loss_giou: 2.43    time: 3.7306  last_time: 3.7412  data_time: 0.0892  last_data_time: 0.0243   lr: 4.8184e-09  max_mem: 13105M
[12/30 03:44:12 d2.utils.events]:  eta: 4 days, 12:17:48  iter: 9  total_loss: 8.602  loss_ce: 3.302  loss_bbox: 2.915  loss_giou: 2.401    time: 3.7327  last_time: 3.7477  data_time: 0.0829  last_data_time: 0.0263   lr: 5.2957e-09  max_mem: 13105M
[12/30 03:44:16 d2.utils.events]:  eta: 4 days, 12:18:48  iter: 10  total_loss: 8.57  loss_ce: 3.3  loss_bbox: 2.911  loss_giou: 2.426    time: 3.7362  last_time: 3.7636  data_time: 0.0766  last_data_time: 0.0133   lr: 5.7731e-09  max_mem: 13105M
[12/30 03:44:20 d2.utils.events]:  eta: 4 days, 12:31:38  iter: 11  total_loss: 8.542  loss_ce: 3.299  loss_bbox: 2.874  loss_giou: 2.428    time: 3.7411  last_time: 3.7856  data_time: 0.0719  last_data_time: 0.0202   lr: 6.2504e-09  max_mem: 13105M
[12/30 03:44:24 d2.utils.events]:  eta: 4 days, 12:44:27  iter: 12  total_loss: 8.513  loss_ce: 3.3  loss_bbox: 2.837  loss_giou: 2.43    time: 3.7465  last_time: 3.7998  data_time: 0.0680  last_data_time: 0.0216   lr: 6.7277e-09  max_mem: 13105M
[12/30 03:44:28 d2.utils.events]:  eta: 4 days, 12:50:05  iter: 13  total_loss: 8.542  loss_ce: 3.302  loss_bbox: 2.829  loss_giou: 2.432    time: 3.7531  last_time: 3.8265  data_time: 0.0649  last_data_time: 0.0247   lr: 7.205e-09  max_mem: 13105M
[12/30 03:44:31 d2.utils.events]:  eta: 4 days, 12:55:44  iter: 14  total_loss: 8.57  loss_ce: 3.3  loss_bbox: 2.837  loss_giou: 2.434    time: 3.7594  last_time: 3.8341  data_time: 0.0622  last_data_time: 0.0248   lr: 7.6823e-09  max_mem: 13105M
[12/30 03:44:35 d2.utils.events]:  eta: 4 days, 13:09:32  iter: 15  total_loss: 8.602  loss_ce: 3.302  loss_bbox: 2.874  loss_giou: 2.439    time: 3.7651  last_time: 3.8404  data_time: 0.0592  last_data_time: 0.0134   lr: 8.1596e-09  max_mem: 13105M
[12/30 03:44:39 d2.utils.events]:  eta: 4 days, 13:23:21  iter: 16  total_loss: 8.57  loss_ce: 3.304  loss_bbox: 2.837  loss_giou: 2.444    time: 3.7724  last_time: 3.8742  data_time: 0.0570  last_data_time: 0.0218   lr: 8.6369e-09  max_mem: 13105M
[12/30 03:44:43 d2.utils.events]:  eta: 4 days, 13:42:28  iter: 17  total_loss: 8.542  loss_ce: 3.302  loss_bbox: 2.829  loss_giou: 2.439    time: 3.7775  last_time: 3.8537  data_time: 0.0551  last_data_time: 0.0225   lr: 9.1142e-09  max_mem: 13105M
[12/30 03:44:47 d2.utils.events]:  eta: 4 days, 14:01:34  iter: 18  total_loss: 8.513  loss_ce: 3.304  loss_bbox: 2.82  loss_giou: 2.437    time: 3.7834  last_time: 3.8784  data_time: 0.0534  last_data_time: 0.0236   lr: 9.5915e-09  max_mem: 13105M
[12/30 03:44:51 d2.utils.events]:  eta: 4 days, 14:13:52  iter: 19  total_loss: 8.496  loss_ce: 3.312  loss_bbox: 2.786  loss_giou: 2.44    time: 3.7887  last_time: 3.8777  data_time: 0.0520  last_data_time: 0.0243   lr: 1.0069e-08  max_mem: 13105M
[12/30 03:44:55 d2.utils.events]:  eta: 4 days, 14:26:10  iter: 20  total_loss: 8.496  loss_ce: 3.31  loss_bbox: 2.829  loss_giou: 2.436    time: 3.7954  last_time: 3.9162  data_time: 0.0217  last_data_time: 0.0250   lr: 1.0546e-08  max_mem: 13105M
[12/30 03:44:59 d2.utils.events]:  eta: 4 days, 14:49:20  iter: 21  total_loss: 8.439  loss_ce: 3.302  loss_bbox: 2.772  loss_giou: 2.436    time: 3.8013  last_time: 3.9139  data_time: 0.0229  last_data_time: 0.0233   lr: 1.1023e-08  max_mem: 13105M
[12/30 03:45:03 d2.utils.events]:  eta: 4 days, 15:12:30  iter: 22  total_loss: 8.439  loss_ce: 3.307  loss_bbox: 2.772  loss_giou: 2.436    time: 3.8075  last_time: 3.9307  data_time: 0.0228  last_data_time: 0.0241   lr: 1.1501e-08  max_mem: 13105M
[12/30 03:45:07 d2.utils.events]:  eta: 4 days, 15:19:09  iter: 23  total_loss: 8.358  loss_ce: 3.313  loss_bbox: 2.686  loss_giou: 2.432    time: 3.8125  last_time: 3.9174  data_time: 0.0224  last_data_time: 0.0154   lr: 1.1978e-08  max_mem: 13105M
[12/30 03:45:10 d2.utils.events]:  eta: 4 days, 15:25:47  iter: 24  total_loss: 8.351  loss_ce: 3.318  loss_bbox: 2.638  loss_giou: 2.43    time: 3.8188  last_time: 3.9582  data_time: 0.0222  last_data_time: 0.0246   lr: 1.2455e-08  max_mem: 13105M
[12/30 03:45:14 d2.utils.events]:  eta: 4 days, 15:31:08  iter: 25  total_loss: 8.392  loss_ce: 3.313  loss_bbox: 2.686  loss_giou: 2.43    time: 3.8242  last_time: 3.9475  data_time: 0.0217  last_data_time: 0.0134   lr: 1.2933e-08  max_mem: 13105M
[12/30 03:45:18 d2.utils.events]:  eta: 4 days, 15:36:29  iter: 26  total_loss: 8.439  loss_ce: 3.313  loss_bbox: 2.772  loss_giou: 2.431    time: 3.8292  last_time: 3.9496  data_time: 0.0213  last_data_time: 0.0163   lr: 1.341e-08  max_mem: 13105M
[12/30 03:45:22 d2.utils.events]:  eta: 4 days, 15:48:04  iter: 27  total_loss: 8.537  loss_ce: 3.318  loss_bbox: 2.772  loss_giou: 2.437    time: 3.8342  last_time: 3.9593  data_time: 0.0211  last_data_time: 0.0199   lr: 1.3887e-08  max_mem: 13105M
[12/30 03:45:26 d2.utils.events]:  eta: 4 days, 15:59:40  iter: 28  total_loss: 8.537  loss_ce: 3.318  loss_bbox: 2.772  loss_giou: 2.44    time: 3.8394  last_time: 3.9761  data_time: 0.0211  last_data_time: 0.0228   lr: 1.4365e-08  max_mem: 13105M
[12/30 03:45:30 d2.utils.events]:  eta: 4 days, 16:08:36  iter: 29  total_loss: 8.432  loss_ce: 3.313  loss_bbox: 2.686  loss_giou: 2.448    time: 3.8442  last_time: 3.9731  data_time: 0.0210  last_data_time: 0.0255   lr: 1.4842e-08  max_mem: 13105M
[12/30 03:45:34 d2.utils.events]:  eta: 4 days, 16:17:32  iter: 30  total_loss: 8.432  loss_ce: 3.313  loss_bbox: 2.686  loss_giou: 2.448    time: 3.8496  last_time: 3.9988  data_time: 0.0211  last_data_time: 0.0153   lr: 1.5319e-08  max_mem: 13105M
[12/30 03:45:38 d2.utils.events]:  eta: 4 days, 16:26:21  iter: 31  total_loss: 8.432  loss_ce: 3.313  loss_bbox: 2.686  loss_giou: 2.446    time: 3.8547  last_time: 4.0043  data_time: 0.0209  last_data_time: 0.0152   lr: 1.5796e-08  max_mem: 13105M
[12/30 03:45:42 d2.utils.events]:  eta: 4 days, 16:35:10  iter: 32  total_loss: 8.432  loss_ce: 3.313  loss_bbox: 2.686  loss_giou: 2.441    time: 3.8594  last_time: 4.0002  data_time: 0.0205  last_data_time: 0.0141   lr: 1.6274e-08  max_mem: 13105M
[12/30 03:45:46 d2.utils.events]:  eta: 4 days, 16:38:09  iter: 33  total_loss: 8.346  loss_ce: 3.308  loss_bbox: 2.638  loss_giou: 2.438    time: 3.8642  last_time: 4.0123  data_time: 0.0205  last_data_time: 0.0239   lr: 1.6751e-08  max_mem: 13105M
[12/30 03:45:50 d2.utils.events]:  eta: 4 days, 16:41:09  iter: 34  total_loss: 8.302  loss_ce: 3.308  loss_bbox: 2.571  loss_giou: 2.438    time: 3.8684  last_time: 4.0040  data_time: 0.0199  last_data_time: 0.0135   lr: 1.7228e-08  max_mem: 13105M
[12/30 03:45:54 d2.utils.events]:  eta: 4 days, 16:41:39  iter: 35  total_loss: 8.3  loss_ce: 3.308  loss_bbox: 2.501  loss_giou: 2.438    time: 3.8730  last_time: 4.0249  data_time: 0.0202  last_data_time: 0.0198   lr: 1.7706e-08  max_mem: 13105M
[12/30 03:45:58 d2.utils.events]:  eta: 4 days, 16:42:08  iter: 36  total_loss: 8.3  loss_ce: 3.305  loss_bbox: 2.571  loss_giou: 2.438    time: 3.8763  last_time: 3.9893  data_time: 0.0199  last_data_time: 0.0147   lr: 1.8183e-08  max_mem: 13105M
[12/30 03:46:02 d2.utils.events]:  eta: 4 days, 17:13:03  iter: 37  total_loss: 8.3  loss_ce: 3.308  loss_bbox: 2.571  loss_giou: 2.441    time: 3.8781  last_time: 3.9400  data_time: 0.0195  last_data_time: 0.0163   lr: 1.866e-08  max_mem: 13105M
[12/30 03:46:06 d2.utils.events]:  eta: 4 days, 17:43:58  iter: 38  total_loss: 8.345  loss_ce: 3.308  loss_bbox: 2.638  loss_giou: 2.441    time: 3.8810  last_time: 3.9849  data_time: 0.0196  last_data_time: 0.0252   lr: 1.9138e-08  max_mem: 13105M
[12/30 03:46:10 d2.utils.events]:  eta: 4 days, 17:45:56  iter: 39  total_loss: 8.3  loss_ce: 3.305  loss_bbox: 2.587  loss_giou: 2.441    time: 3.8845  last_time: 4.0137  data_time: 0.0191  last_data_time: 0.0140   lr: 1.9615e-08  max_mem: 13105M
[12/30 03:46:14 d2.utils.events]:  eta: 4 days, 17:47:53  iter: 40  total_loss: 8.3  loss_ce: 3.303  loss_bbox: 2.573  loss_giou: 2.45    time: 3.8883  last_time: 4.0316  data_time: 0.0186  last_data_time: 0.0149   lr: 2.0092e-08  max_mem: 13105M
[12/30 03:46:18 d2.utils.events]:  eta: 4 days, 17:48:51  iter: 41  total_loss: 8.325  loss_ce: 3.305  loss_bbox: 2.53  loss_giou: 2.468    time: 3.8915  last_time: 4.0181  data_time: 0.0184  last_data_time: 0.0198   lr: 2.057e-08  max_mem: 13105M
[12/30 03:46:23 d2.utils.events]:  eta: 4 days, 17:49:48  iter: 42  total_loss: 8.325  loss_ce: 3.303  loss_bbox: 2.53  loss_giou: 2.485    time: 3.8948  last_time: 4.0270  data_time: 0.0184  last_data_time: 0.0236   lr: 2.1047e-08  max_mem: 13105M
[12/30 03:46:27 d2.utils.events]:  eta: 4 days, 18:01:20  iter: 43  total_loss: 8.325  loss_ce: 3.303  loss_bbox: 2.539  loss_giou: 2.485    time: 3.8980  last_time: 4.0271  data_time: 0.0188  last_data_time: 0.0230   lr: 2.1524e-08  max_mem: 13105M
[12/30 03:46:31 d2.utils.events]:  eta: 4 days, 18:12:53  iter: 44  total_loss: 8.325  loss_ce: 3.303  loss_bbox: 2.539  loss_giou: 2.485    time: 3.9009  last_time: 4.0225  data_time: 0.0182  last_data_time: 0.0136   lr: 2.2001e-08  max_mem: 13105M
[12/30 03:46:35 d2.utils.events]:  eta: 4 days, 18:20:56  iter: 45  total_loss: 8.325  loss_ce: 3.303  loss_bbox: 2.539  loss_giou: 2.485    time: 3.9037  last_time: 4.0239  data_time: 0.0184  last_data_time: 0.0165   lr: 2.2479e-08  max_mem: 13105M
[12/30 03:46:39 d2.utils.events]:  eta: 4 days, 18:28:59  iter: 46  total_loss: 8.325  loss_ce: 3.304  loss_bbox: 2.539  loss_giou: 2.467    time: 3.9062  last_time: 4.0190  data_time: 0.0182  last_data_time: 0.0128   lr: 2.2956e-08  max_mem: 13105M
[12/30 03:46:43 d2.utils.events]:  eta: 4 days, 18:35:24  iter: 47  total_loss: 8.311  loss_ce: 3.304  loss_bbox: 2.539  loss_giou: 2.467    time: 3.9088  last_time: 4.0275  data_time: 0.0180  last_data_time: 0.0152   lr: 2.3433e-08  max_mem: 13105M
[12/30 03:46:47 d2.utils.events]:  eta: 4 days, 18:41:48  iter: 48  total_loss: 8.311  loss_ce: 3.303  loss_bbox: 2.539  loss_giou: 2.469    time: 3.9113  last_time: 4.0242  data_time: 0.0178  last_data_time: 0.0189   lr: 2.3911e-08  max_mem: 13105M
[12/30 03:46:51 d2.utils.events]:  eta: 4 days, 18:43:37  iter: 49  total_loss: 8.331  loss_ce: 3.302  loss_bbox: 2.548  loss_giou: 2.441    time: 3.9140  last_time: 4.0409  data_time: 0.0177  last_data_time: 0.0236   lr: 2.4388e-08  max_mem: 13105M
[12/30 03:46:55 d2.utils.events]:  eta: 4 days, 18:45:25  iter: 50  total_loss: 8.331  loss_ce: 3.303  loss_bbox: 2.575  loss_giou: 2.441    time: 3.9163  last_time: 4.0254  data_time: 0.0183  last_data_time: 0.0283   lr: 2.4865e-08  max_mem: 13105M
[12/30 03:46:59 d2.utils.events]:  eta: 4 days, 18:52:48  iter: 51  total_loss: 8.353  loss_ce: 3.304  loss_bbox: 2.617  loss_giou: 2.469    time: 3.9184  last_time: 4.0216  data_time: 0.0186  last_data_time: 0.0206   lr: 2.5343e-08  max_mem: 13105M
[12/30 03:47:03 d2.utils.events]:  eta: 4 days, 19:00:11  iter: 52  total_loss: 8.353  loss_ce: 3.303  loss_bbox: 2.617  loss_giou: 2.492    time: 3.9204  last_time: 4.0219  data_time: 0.0190  last_data_time: 0.0214   lr: 2.582e-08  max_mem: 13105M
[12/30 03:47:07 d2.utils.events]:  eta: 4 days, 19:01:09  iter: 53  total_loss: 8.394  loss_ce: 3.303  loss_bbox: 2.639  loss_giou: 2.492    time: 3.9222  last_time: 4.0150  data_time: 0.0186  last_data_time: 0.0163   lr: 2.6297e-08  max_mem: 13105M
[12/30 03:47:11 d2.utils.events]:  eta: 4 days, 19:02:08  iter: 54  total_loss: 8.446  loss_ce: 3.303  loss_bbox: 2.653  loss_giou: 2.492    time: 3.9241  last_time: 4.0223  data_time: 0.0193  last_data_time: 0.0282   lr: 2.6774e-08  max_mem: 13105M
[12/30 03:47:15 d2.utils.events]:  eta: 4 days, 19:14:05  iter: 55  total_loss: 8.467  loss_ce: 3.296  loss_bbox: 2.678  loss_giou: 2.483    time: 3.9256  last_time: 4.0036  data_time: 0.0193  last_data_time: 0.0199   lr: 2.7252e-08  max_mem: 13105M
[12/30 03:47:19 d2.utils.events]:  eta: 4 days, 19:26:03  iter: 56  total_loss: 8.446  loss_ce: 3.288  loss_bbox: 2.653  loss_giou: 2.476    time: 3.9272  last_time: 4.0129  data_time: 0.0194  last_data_time: 0.0160   lr: 2.7729e-08  max_mem: 13105M
[12/30 03:47:23 d2.utils.events]:  eta: 4 days, 19:28:36  iter: 57  total_loss: 8.467  loss_ce: 3.288  loss_bbox: 2.678  loss_giou: 2.457    time: 3.9288  last_time: 4.0176  data_time: 0.0199  last_data_time: 0.0255   lr: 2.8206e-08  max_mem: 13105M
[12/30 03:47:27 d2.utils.events]:  eta: 4 days, 19:31:09  iter: 58  total_loss: 8.481  loss_ce: 3.283  loss_bbox: 2.709  loss_giou: 2.459    time: 3.9304  last_time: 4.0217  data_time: 0.0198  last_data_time: 0.0228   lr: 2.8684e-08  max_mem: 13105M
[12/30 03:47:31 d2.utils.events]:  eta: 4 days, 19:38:40  iter: 59  total_loss: 8.481  loss_ce: 3.283  loss_bbox: 2.709  loss_giou: 2.459    time: 3.9319  last_time: 4.0181  data_time: 0.0202  last_data_time: 0.0233   lr: 2.9161e-08  max_mem: 13105M
[12/30 03:47:35 d2.utils.events]:  eta: 4 days, 19:46:12  iter: 60  total_loss: 8.481  loss_ce: 3.288  loss_bbox: 2.709  loss_giou: 2.443    time: 3.9337  last_time: 4.0361  data_time: 0.0206  last_data_time: 0.0236   lr: 2.9638e-08  max_mem: 13105M
[12/30 03:47:39 d2.utils.events]:  eta: 4 days, 19:49:59  iter: 61  total_loss: 8.501  loss_ce: 3.283  loss_bbox: 2.742  loss_giou: 2.443    time: 3.9349  last_time: 4.0080  data_time: 0.0205  last_data_time: 0.0165   lr: 3.0116e-08  max_mem: 13105M
[12/30 03:47:43 d2.utils.events]:  eta: 4 days, 19:53:39  iter: 62  total_loss: 8.501  loss_ce: 3.281  loss_bbox: 2.742  loss_giou: 2.443    time: 3.9358  last_time: 3.9892  data_time: 0.0199  last_data_time: 0.0127   lr: 3.0593e-08  max_mem: 13105M
[12/30 03:47:47 d2.utils.events]:  eta: 4 days, 19:53:38  iter: 63  total_loss: 8.668  loss_ce: 3.271  loss_bbox: 2.891  loss_giou: 2.456    time: 3.9372  last_time: 4.0204  data_time: 0.0195  last_data_time: 0.0139   lr: 3.107e-08  max_mem: 13105M
[12/30 03:47:51 d2.utils.events]:  eta: 4 days, 19:53:38  iter: 64  total_loss: 8.501  loss_ce: 3.271  loss_bbox: 2.742  loss_giou: 2.47    time: 3.9385  last_time: 4.0221  data_time: 0.0195  last_data_time: 0.0143   lr: 3.1548e-08  max_mem: 13105M
[12/30 03:47:55 d2.utils.events]:  eta: 4 days, 20:01:50  iter: 65  total_loss: 8.481  loss_ce: 3.261  loss_bbox: 2.709  loss_giou: 2.47    time: 3.9399  last_time: 4.0263  data_time: 0.0199  last_data_time: 0.0236   lr: 3.2025e-08  max_mem: 13105M
[12/30 03:47:59 d2.utils.events]:  eta: 4 days, 20:10:02  iter: 66  total_loss: 8.467  loss_ce: 3.251  loss_bbox: 2.667  loss_giou: 2.47    time: 3.9412  last_time: 4.0268  data_time: 0.0207  last_data_time: 0.0283   lr: 3.2502e-08  max_mem: 13105M
[12/30 03:48:03 d2.utils.events]:  eta: 4 days, 20:11:13  iter: 67  total_loss: 8.481  loss_ce: 3.249  loss_bbox: 2.709  loss_giou: 2.476    time: 3.9425  last_time: 4.0205  data_time: 0.0213  last_data_time: 0.0277   lr: 3.2979e-08  max_mem: 13105M
[12/30 03:48:07 d2.utils.events]:  eta: 4 days, 20:12:23  iter: 68  total_loss: 8.501  loss_ce: 3.249  loss_bbox: 2.742  loss_giou: 2.476    time: 3.9437  last_time: 4.0261  data_time: 0.0211  last_data_time: 0.0147   lr: 3.3457e-08  max_mem: 13105M
[12/30 03:48:11 d2.utils.events]:  eta: 4 days, 20:15:19  iter: 69  total_loss: 8.481  loss_ce: 3.245  loss_bbox: 2.709  loss_giou: 2.476    time: 3.9448  last_time: 4.0174  data_time: 0.0212  last_data_time: 0.0273   lr: 3.3934e-08  max_mem: 13105M
[12/30 03:48:15 d2.utils.events]:  eta: 4 days, 20:18:15  iter: 70  total_loss: 8.481  loss_ce: 3.245  loss_bbox: 2.709  loss_giou: 2.482    time: 3.9460  last_time: 4.0259  data_time: 0.0207  last_data_time: 0.0166   lr: 3.4411e-08  max_mem: 13105M
[12/30 03:48:19 d2.utils.events]:  eta: 4 days, 20:18:28  iter: 71  total_loss: 8.418  loss_ce: 3.245  loss_bbox: 2.7  loss_giou: 2.476    time: 3.9470  last_time: 4.0181  data_time: 0.0207  last_data_time: 0.0207   lr: 3.4889e-08  max_mem: 13105M
[12/30 03:48:23 d2.utils.events]:  eta: 4 days, 20:18:41  iter: 72  total_loss: 8.481  loss_ce: 3.249  loss_bbox: 2.742  loss_giou: 2.473    time: 3.9479  last_time: 4.0127  data_time: 0.0203  last_data_time: 0.0134   lr: 3.5366e-08  max_mem: 13105M
[12/30 03:48:27 d2.utils.events]:  eta: 4 days, 20:18:54  iter: 73  total_loss: 8.548  loss_ce: 3.26  loss_bbox: 2.794  loss_giou: 2.473    time: 3.9488  last_time: 4.0127  data_time: 0.0206  last_data_time: 0.0235   lr: 3.5843e-08  max_mem: 13105M
[12/30 03:48:31 d2.utils.events]:  eta: 4 days, 20:19:06  iter: 74  total_loss: 8.483  loss_ce: 3.26  loss_bbox: 2.703  loss_giou: 2.473    time: 3.9499  last_time: 4.0257  data_time: 0.0199  last_data_time: 0.0134   lr: 3.6321e-08  max_mem: 13105M
[12/30 03:48:35 d2.utils.events]:  eta: 4 days, 20:20:36  iter: 75  total_loss: 8.419  loss_ce: 3.269  loss_bbox: 2.677  loss_giou: 2.473    time: 3.9506  last_time: 4.0061  data_time: 0.0200  last_data_time: 0.0221   lr: 3.6798e-08  max_mem: 13105M
[12/30 03:48:40 d2.utils.events]:  eta: 4 days, 20:22:07  iter: 76  total_loss: 8.468  loss_ce: 3.26  loss_bbox: 2.703  loss_giou: 2.473    time: 3.9517  last_time: 4.0274  data_time: 0.0203  last_data_time: 0.0227   lr: 3.7275e-08  max_mem: 13105M
[12/30 03:48:44 d2.utils.events]:  eta: 4 days, 20:23:46  iter: 77  total_loss: 8.468  loss_ce: 3.249  loss_bbox: 2.703  loss_giou: 2.479    time: 3.9526  last_time: 4.0259  data_time: 0.0202  last_data_time: 0.0221   lr: 3.7753e-08  max_mem: 13105M
[12/30 03:48:48 d2.utils.events]:  eta: 4 days, 20:25:24  iter: 78  total_loss: 8.399  loss_ce: 3.256  loss_bbox: 2.677  loss_giou: 2.479    time: 3.9536  last_time: 4.0284  data_time: 0.0197  last_data_time: 0.0141   lr: 3.823e-08  max_mem: 13105M
[12/30 03:48:52 d2.utils.events]:  eta: 4 days, 20:29:05  iter: 79  total_loss: 8.383  loss_ce: 3.249  loss_bbox: 2.677  loss_giou: 2.473    time: 3.9545  last_time: 4.0225  data_time: 0.0196  last_data_time: 0.0215   lr: 3.8707e-08  max_mem: 13105M
[12/30 03:48:56 d2.utils.events]:  eta: 4 days, 20:32:45  iter: 80  total_loss: 8.468  loss_ce: 3.245  loss_bbox: 2.703  loss_giou: 2.482    time: 3.9554  last_time: 4.0228  data_time: 0.0191  last_data_time: 0.0135   lr: 3.9184e-08  max_mem: 13105M
[12/30 03:49:00 d2.utils.events]:  eta: 4 days, 20:32:59  iter: 81  total_loss: 8.468  loss_ce: 3.245  loss_bbox: 2.703  loss_giou: 2.482    time: 3.9562  last_time: 4.0223  data_time: 0.0196  last_data_time: 0.0254   lr: 3.9662e-08  max_mem: 13105M
[12/30 03:49:04 d2.utils.events]:  eta: 4 days, 20:33:14  iter: 82  total_loss: 8.468  loss_ce: 3.255  loss_bbox: 2.703  loss_giou: 2.482    time: 3.9570  last_time: 4.0218  data_time: 0.0196  last_data_time: 0.0142   lr: 4.0139e-08  max_mem: 13105M
[12/30 03:49:08 d2.utils.events]:  eta: 4 days, 20:33:12  iter: 83  total_loss: 8.423  loss_ce: 3.252  loss_bbox: 2.681  loss_giou: 2.482    time: 3.9578  last_time: 4.0217  data_time: 0.0197  last_data_time: 0.0139   lr: 4.0616e-08  max_mem: 13105M
[12/30 03:49:12 d2.utils.events]:  eta: 4 days, 20:33:11  iter: 84  total_loss: 8.468  loss_ce: 3.252  loss_bbox: 2.703  loss_giou: 2.482    time: 3.9587  last_time: 4.0352  data_time: 0.0203  last_data_time: 0.0275   lr: 4.1094e-08  max_mem: 13105M
[12/30 03:49:16 d2.utils.events]:  eta: 4 days, 20:33:16  iter: 85  total_loss: 8.468  loss_ce: 3.252  loss_bbox: 2.703  loss_giou: 2.482    time: 3.9596  last_time: 4.0285  data_time: 0.0199  last_data_time: 0.0148   lr: 4.1571e-08  max_mem: 13105M
[12/30 03:49:20 d2.utils.events]:  eta: 4 days, 20:33:03  iter: 86  total_loss: 8.468  loss_ce: 3.252  loss_bbox: 2.703  loss_giou: 2.482    time: 3.9600  last_time: 3.9995  data_time: 0.0197  last_data_time: 0.0251   lr: 4.2048e-08  max_mem: 13105M
[12/30 03:49:24 d2.utils.events]:  eta: 4 days, 20:32:56  iter: 87  total_loss: 8.434  loss_ce: 3.252  loss_bbox: 2.703  loss_giou: 2.473    time: 3.9605  last_time: 3.9988  data_time: 0.0197  last_data_time: 0.0278   lr: 4.2526e-08  max_mem: 13105M
[12/30 03:49:28 d2.utils.events]:  eta: 4 days, 20:32:55  iter: 88  total_loss: 8.434  loss_ce: 3.264  loss_bbox: 2.703  loss_giou: 2.461    time: 3.9613  last_time: 4.0317  data_time: 0.0204  last_data_time: 0.0276   lr: 4.3003e-08  max_mem: 13105M
[12/30 03:49:32 d2.utils.events]:  eta: 4 days, 20:33:00  iter: 89  total_loss: 8.468  loss_ce: 3.264  loss_bbox: 2.788  loss_giou: 2.461    time: 3.9621  last_time: 4.0289  data_time: 0.0200  last_data_time: 0.0209   lr: 4.348e-08  max_mem: 13105M
[12/30 03:49:36 d2.utils.events]:  eta: 4 days, 20:33:05  iter: 90  total_loss: 8.468  loss_ce: 3.248  loss_bbox: 2.788  loss_giou: 2.461    time: 3.9630  last_time: 4.0451  data_time: 0.0203  last_data_time: 0.0226   lr: 4.3957e-08  max_mem: 13105M
[12/30 03:49:40 d2.utils.events]:  eta: 4 days, 20:33:41  iter: 91  total_loss: 8.468  loss_ce: 3.232  loss_bbox: 2.788  loss_giou: 2.473    time: 3.9638  last_time: 4.0343  data_time: 0.0205  last_data_time: 0.0243   lr: 4.4435e-08  max_mem: 13105M
[12/30 03:49:44 d2.utils.events]:  eta: 4 days, 20:34:18  iter: 92  total_loss: 8.468  loss_ce: 3.227  loss_bbox: 2.788  loss_giou: 2.463    time: 3.9647  last_time: 4.0503  data_time: 0.0211  last_data_time: 0.0249   lr: 4.4912e-08  max_mem: 13105M
[12/30 03:49:48 d2.utils.events]:  eta: 4 days, 20:35:23  iter: 93  total_loss: 8.468  loss_ce: 3.227  loss_bbox: 2.786  loss_giou: 2.458    time: 3.9654  last_time: 4.0250  data_time: 0.0206  last_data_time: 0.0133   lr: 4.5389e-08  max_mem: 13105M
[12/30 03:49:52 d2.utils.events]:  eta: 4 days, 20:36:29  iter: 94  total_loss: 8.434  loss_ce: 3.227  loss_bbox: 2.786  loss_giou: 2.451    time: 3.9662  last_time: 4.0424  data_time: 0.0213  last_data_time: 0.0273   lr: 4.5867e-08  max_mem: 13105M
[12/30 03:49:56 d2.utils.events]:  eta: 4 days, 20:38:32  iter: 95  total_loss: 8.507  loss_ce: 3.217  loss_bbox: 2.849  loss_giou: 2.458    time: 3.9670  last_time: 4.0423  data_time: 0.0214  last_data_time: 0.0254   lr: 4.6344e-08  max_mem: 13105M
[12/30 03:50:00 d2.utils.events]:  eta: 4 days, 20:40:36  iter: 96  total_loss: 8.568  loss_ce: 3.213  loss_bbox: 2.852  loss_giou: 2.458    time: 3.9677  last_time: 4.0328  data_time: 0.0214  last_data_time: 0.0221   lr: 4.6821e-08  max_mem: 13105M
[12/30 03:50:04 d2.utils.events]:  eta: 4 days, 20:40:41  iter: 97  total_loss: 8.568  loss_ce: 3.201  loss_bbox: 2.852  loss_giou: 2.458    time: 3.9686  last_time: 4.0487  data_time: 0.0210  last_data_time: 0.0128   lr: 4.7299e-08  max_mem: 13105M
[12/30 03:50:08 d2.utils.events]:  eta: 4 days, 20:40:47  iter: 98  total_loss: 8.588  loss_ce: 3.191  loss_bbox: 2.935  loss_giou: 2.474    time: 3.9694  last_time: 4.0442  data_time: 0.0214  last_data_time: 0.0232   lr: 4.7776e-08  max_mem: 13105M
[12/30 03:50:12 d2.utils.events]:  eta: 4 days, 20:41:06  iter: 99  total_loss: 8.588  loss_ce: 3.192  loss_bbox: 2.935  loss_giou: 2.474    time: 3.9699  last_time: 4.0272  data_time: 0.0210  last_data_time: 0.0136   lr: 4.8253e-08  max_mem: 13105M
[12/30 03:50:16 d2.utils.events]:  eta: 4 days, 20:41:24  iter: 100  total_loss: 8.588  loss_ce: 3.192  loss_bbox: 2.935  loss_giou: 2.473    time: 3.9706  last_time: 4.0390  data_time: 0.0211  last_data_time: 0.0159   lr: 4.8731e-08  max_mem: 13105M
[12/30 03:50:20 d2.utils.events]:  eta: 4 days, 20:41:23  iter: 101  total_loss: 8.626  loss_ce: 3.188  loss_bbox: 3.032  loss_giou: 2.473    time: 3.9712  last_time: 4.0238  data_time: 0.0208  last_data_time: 0.0192   lr: 4.9208e-08  max_mem: 13105M
[12/30 03:50:24 d2.utils.events]:  eta: 4 days, 20:41:16  iter: 102  total_loss: 8.626  loss_ce: 3.169  loss_bbox: 3.032  loss_giou: 2.458    time: 3.9716  last_time: 4.0098  data_time: 0.0209  last_data_time: 0.0148   lr: 4.9685e-08  max_mem: 13105M
[12/30 03:50:29 d2.utils.events]:  eta: 4 days, 20:41:15  iter: 103  total_loss: 8.626  loss_ce: 3.188  loss_bbox: 3.032  loss_giou: 2.448    time: 3.9721  last_time: 4.0323  data_time: 0.0209  last_data_time: 0.0150   lr: 5.0162e-08  max_mem: 13105M
[12/30 03:50:33 d2.utils.events]:  eta: 4 days, 20:41:14  iter: 104  total_loss: 8.588  loss_ce: 3.169  loss_bbox: 3.032  loss_giou: 2.439    time: 3.9729  last_time: 4.0447  data_time: 0.0208  last_data_time: 0.0245   lr: 5.064e-08  max_mem: 13105M
[12/30 03:50:37 d2.utils.events]:  eta: 4 days, 20:41:11  iter: 105  total_loss: 8.588  loss_ce: 3.169  loss_bbox: 3.032  loss_giou: 2.439    time: 3.9733  last_time: 4.0234  data_time: 0.0209  last_data_time: 0.0181   lr: 5.1117e-08  max_mem: 13105M
[12/30 03:50:41 d2.utils.events]:  eta: 4 days, 20:41:08  iter: 106  total_loss: 8.588  loss_ce: 3.169  loss_bbox: 3.032  loss_giou: 2.439    time: 3.9739  last_time: 4.0326  data_time: 0.0205  last_data_time: 0.0164   lr: 5.1594e-08  max_mem: 13105M
[12/30 03:50:45 d2.utils.events]:  eta: 4 days, 20:41:47  iter: 107  total_loss: 8.588  loss_ce: 3.169  loss_bbox: 2.987  loss_giou: 2.448    time: 3.9745  last_time: 4.0368  data_time: 0.0204  last_data_time: 0.0251   lr: 5.2072e-08  max_mem: 13105M
[12/30 03:50:49 d2.utils.events]:  eta: 4 days, 20:42:26  iter: 108  total_loss: 8.542  loss_ce: 3.148  loss_bbox: 2.901  loss_giou: 2.458    time: 3.9751  last_time: 4.0358  data_time: 0.0201  last_data_time: 0.0231   lr: 5.2549e-08  max_mem: 13105M
[12/30 03:50:53 d2.utils.events]:  eta: 4 days, 20:43:37  iter: 109  total_loss: 8.45  loss_ce: 3.142  loss_bbox: 2.837  loss_giou: 2.458    time: 3.9756  last_time: 4.0277  data_time: 0.0202  last_data_time: 0.0220   lr: 5.3026e-08  max_mem: 13105M
[12/30 03:50:57 d2.utils.events]:  eta: 4 days, 20:44:48  iter: 110  total_loss: 8.45  loss_ce: 3.142  loss_bbox: 2.837  loss_giou: 2.458    time: 3.9760  last_time: 4.0228  data_time: 0.0197  last_data_time: 0.0137   lr: 5.3504e-08  max_mem: 13105M
[12/30 03:51:01 d2.utils.events]:  eta: 4 days, 20:44:48  iter: 111  total_loss: 8.45  loss_ce: 3.142  loss_bbox: 2.837  loss_giou: 2.458    time: 3.9764  last_time: 4.0262  data_time: 0.0193  last_data_time: 0.0154   lr: 5.3981e-08  max_mem: 13105M
[12/30 03:51:05 d2.utils.events]:  eta: 4 days, 20:44:49  iter: 112  total_loss: 8.38  loss_ce: 3.139  loss_bbox: 2.777  loss_giou: 2.468    time: 3.9769  last_time: 4.0242  data_time: 0.0189  last_data_time: 0.0165   lr: 5.4458e-08  max_mem: 13105M
[12/30 03:51:09 d2.utils.events]:  eta: 4 days, 20:45:43  iter: 113  total_loss: 8.38  loss_ce: 3.139  loss_bbox: 2.777  loss_giou: 2.479    time: 3.9774  last_time: 4.0386  data_time: 0.0193  last_data_time: 0.0226   lr: 5.4935e-08  max_mem: 13105M
[12/30 03:51:13 d2.utils.events]:  eta: 4 days, 20:46:37  iter: 114  total_loss: 8.38  loss_ce: 3.137  loss_bbox: 2.777  loss_giou: 2.486    time: 3.9779  last_time: 4.0326  data_time: 0.0191  last_data_time: 0.0230   lr: 5.5413e-08  max_mem: 13105M
[12/30 03:51:17 d2.utils.events]:  eta: 4 days, 20:46:38  iter: 115  total_loss: 8.38  loss_ce: 3.133  loss_bbox: 2.777  loss_giou: 2.485    time: 3.9783  last_time: 4.0229  data_time: 0.0185  last_data_time: 0.0135   lr: 5.589e-08  max_mem: 13105M
[12/30 03:51:21 d2.utils.events]:  eta: 4 days, 20:46:29  iter: 116  total_loss: 8.345  loss_ce: 3.121  loss_bbox: 2.708  loss_giou: 2.485    time: 3.9783  last_time: 3.9771  data_time: 0.0181  last_data_time: 0.0134   lr: 5.6367e-08  max_mem: 13105M
[12/30 03:51:25 d2.utils.events]:  eta: 4 days, 20:46:30  iter: 117  total_loss: 8.29  loss_ce: 3.133  loss_bbox: 2.672  loss_giou: 2.485    time: 3.9787  last_time: 4.0280  data_time: 0.0184  last_data_time: 0.0183   lr: 5.6845e-08  max_mem: 13105M
[12/30 03:51:29 d2.utils.events]:  eta: 4 days, 20:46:30  iter: 118  total_loss: 8.241  loss_ce: 3.133  loss_bbox: 2.644  loss_giou: 2.485    time: 3.9791  last_time: 4.0227  data_time: 0.0183  last_data_time: 0.0209   lr: 5.7322e-08  max_mem: 13105M
[12/30 03:51:33 d2.utils.events]:  eta: 4 days, 20:46:26  iter: 119  total_loss: 8.226  loss_ce: 3.133  loss_bbox: 2.608  loss_giou: 2.487    time: 3.9796  last_time: 4.0337  data_time: 0.0183  last_data_time: 0.0147   lr: 5.7799e-08  max_mem: 13105M
[12/30 03:51:37 d2.utils.events]:  eta: 4 days, 20:46:23  iter: 120  total_loss: 8.187  loss_ce: 3.125  loss_bbox: 2.54  loss_giou: 2.489    time: 3.9800  last_time: 4.0283  data_time: 0.0183  last_data_time: 0.0154   lr: 5.8277e-08  max_mem: 13105M
[12/30 03:51:41 d2.utils.events]:  eta: 4 days, 20:46:26  iter: 121  total_loss: 8.187  loss_ce: 3.125  loss_bbox: 2.54  loss_giou: 2.494    time: 3.9803  last_time: 4.0233  data_time: 0.0186  last_data_time: 0.0253   lr: 5.8754e-08  max_mem: 13105M
[12/30 03:51:45 d2.utils.events]:  eta: 4 days, 20:46:29  iter: 122  total_loss: 8.145  loss_ce: 3.125  loss_bbox: 2.49  loss_giou: 2.494    time: 3.9808  last_time: 4.0416  data_time: 0.0193  last_data_time: 0.0283   lr: 5.9231e-08  max_mem: 13105M
[12/30 03:51:49 d2.utils.events]:  eta: 4 days, 20:46:28  iter: 123  total_loss: 8.145  loss_ce: 3.117  loss_bbox: 2.49  loss_giou: 2.494    time: 3.9813  last_time: 4.0344  data_time: 0.0195  last_data_time: 0.0198   lr: 5.9709e-08  max_mem: 13105M
[12/30 03:51:53 d2.utils.events]:  eta: 4 days, 20:46:26  iter: 124  total_loss: 8.187  loss_ce: 3.117  loss_bbox: 2.49  loss_giou: 2.499    time: 3.9817  last_time: 4.0289  data_time: 0.0192  last_data_time: 0.0194   lr: 6.0186e-08  max_mem: 13105M
[12/30 03:51:57 d2.utils.events]:  eta: 4 days, 20:46:31  iter: 125  total_loss: 8.084  loss_ce: 3.108  loss_bbox: 2.444  loss_giou: 2.499    time: 3.9822  last_time: 4.0506  data_time: 0.0197  last_data_time: 0.0281   lr: 6.0663e-08  max_mem: 13105M
[12/30 03:52:01 d2.utils.events]:  eta: 4 days, 20:46:36  iter: 126  total_loss: 8.187  loss_ce: 3.108  loss_bbox: 2.49  loss_giou: 2.499    time: 3.9827  last_time: 4.0393  data_time: 0.0196  last_data_time: 0.0144   lr: 6.114e-08  max_mem: 13105M
[12/30 03:52:05 d2.utils.events]:  eta: 4 days, 20:46:44  iter: 127  total_loss: 8.187  loss_ce: 3.099  loss_bbox: 2.518  loss_giou: 2.494    time: 3.9831  last_time: 4.0367  data_time: 0.0193  last_data_time: 0.0180   lr: 6.1618e-08  max_mem: 13105M
[12/30 03:52:09 d2.utils.events]:  eta: 4 days, 20:46:51  iter: 128  total_loss: 8.187  loss_ce: 3.099  loss_bbox: 2.518  loss_giou: 2.499    time: 3.9837  last_time: 4.0618  data_time: 0.0190  last_data_time: 0.0177   lr: 6.2095e-08  max_mem: 13105M
[12/30 03:52:14 d2.utils.events]:  eta: 4 days, 20:46:51  iter: 129  total_loss: 8.226  loss_ce: 3.088  loss_bbox: 2.518  loss_giou: 2.513    time: 3.9843  last_time: 4.0587  data_time: 0.0190  last_data_time: 0.0216   lr: 6.2572e-08  max_mem: 13105M
[12/30 03:52:18 d2.utils.events]:  eta: 4 days, 20:46:51  iter: 130  total_loss: 8.258  loss_ce: 3.088  loss_bbox: 2.567  loss_giou: 2.54    time: 3.9849  last_time: 4.0630  data_time: 0.0190  last_data_time: 0.0133   lr: 6.305e-08  max_mem: 13105M
[12/30 03:52:22 d2.utils.events]:  eta: 4 days, 20:46:54  iter: 131  total_loss: 8.307  loss_ce: 3.071  loss_bbox: 2.636  loss_giou: 2.56    time: 3.9855  last_time: 4.0620  data_time: 0.0189  last_data_time: 0.0131   lr: 6.3527e-08  max_mem: 13105M
[12/30 03:52:26 d2.utils.events]:  eta: 4 days, 20:46:57  iter: 132  total_loss: 8.307  loss_ce: 3.069  loss_bbox: 2.636  loss_giou: 2.572    time: 3.9861  last_time: 4.0644  data_time: 0.0191  last_data_time: 0.0202   lr: 6.4004e-08  max_mem: 13105M
[12/30 03:52:30 d2.utils.events]:  eta: 4 days, 20:46:53  iter: 133  total_loss: 8.307  loss_ce: 3.061  loss_bbox: 2.636  loss_giou: 2.56    time: 3.9868  last_time: 4.0698  data_time: 0.0190  last_data_time: 0.0222   lr: 6.4482e-08  max_mem: 13105M
[12/30 03:52:34 d2.utils.events]:  eta: 4 days, 20:46:50  iter: 134  total_loss: 8.304  loss_ce: 3.061  loss_bbox: 2.684  loss_giou: 2.54    time: 3.9873  last_time: 4.0598  data_time: 0.0186  last_data_time: 0.0140   lr: 6.4959e-08  max_mem: 13105M
[12/30 03:52:38 d2.utils.events]:  eta: 4 days, 20:46:57  iter: 135  total_loss: 8.258  loss_ce: 3.061  loss_bbox: 2.567  loss_giou: 2.54    time: 3.9880  last_time: 4.0776  data_time: 0.0191  last_data_time: 0.0242   lr: 6.5436e-08  max_mem: 13105M
[12/30 03:52:42 d2.utils.events]:  eta: 4 days, 20:47:04  iter: 136  total_loss: 8.258  loss_ce: 3.069  loss_bbox: 2.567  loss_giou: 2.513    time: 3.9885  last_time: 4.0630  data_time: 0.0191  last_data_time: 0.0138   lr: 6.5914e-08  max_mem: 13105M
[12/30 03:52:46 d2.utils.events]:  eta: 4 days, 20:47:04  iter: 137  total_loss: 8.304  loss_ce: 3.061  loss_bbox: 2.684  loss_giou: 2.512    time: 3.9891  last_time: 4.0643  data_time: 0.0189  last_data_time: 0.0132   lr: 6.6391e-08  max_mem: 13105M
[12/30 03:52:50 d2.utils.events]:  eta: 4 days, 20:47:03  iter: 138  total_loss: 8.37  loss_ce: 3.055  loss_bbox: 2.793  loss_giou: 2.512    time: 3.9897  last_time: 4.0656  data_time: 0.0188  last_data_time: 0.0197   lr: 6.6868e-08  max_mem: 13105M
[12/30 03:52:54 d2.utils.events]:  eta: 4 days, 20:47:03  iter: 139  total_loss: 8.37  loss_ce: 3.055  loss_bbox: 2.793  loss_giou: 2.492    time: 3.9903  last_time: 4.0835  data_time: 0.0195  last_data_time: 0.0285   lr: 6.7345e-08  max_mem: 13105M
[12/30 03:52:58 d2.utils.events]:  eta: 4 days, 20:47:03  iter: 140  total_loss: 8.37  loss_ce: 3.051  loss_bbox: 2.793  loss_giou: 2.501    time: 3.9908  last_time: 4.0586  data_time: 0.0195  last_data_time: 0.0154   lr: 6.7823e-08  max_mem: 13105M
[12/30 03:53:02 d2.utils.events]:  eta: 4 days, 20:47:02  iter: 141  total_loss: 8.304  loss_ce: 3.051  loss_bbox: 2.668  loss_giou: 2.473    time: 3.9913  last_time: 4.0640  data_time: 0.0190  last_data_time: 0.0154   lr: 6.83e-08  max_mem: 13105M
[12/30 03:53:06 d2.utils.events]:  eta: 4 days, 20:47:01  iter: 142  total_loss: 8.304  loss_ce: 3.049  loss_bbox: 2.668  loss_giou: 2.486    time: 3.9919  last_time: 4.0680  data_time: 0.0186  last_data_time: 0.0206   lr: 6.8777e-08  max_mem: 13105M
[12/30 03:53:11 d2.utils.events]:  eta: 4 days, 20:47:19  iter: 143  total_loss: 8.304  loss_ce: 3.049  loss_bbox: 2.668  loss_giou: 2.486    time: 3.9924  last_time: 4.0669  data_time: 0.0184  last_data_time: 0.0155   lr: 6.9255e-08  max_mem: 13105M
[12/30 03:53:15 d2.utils.events]:  eta: 4 days, 20:47:38  iter: 144  total_loss: 8.176  loss_ce: 3.049  loss_bbox: 2.622  loss_giou: 2.473    time: 3.9928  last_time: 4.0458  data_time: 0.0182  last_data_time: 0.0151   lr: 6.9732e-08  max_mem: 13105M
[12/30 03:53:19 d2.utils.events]:  eta: 4 days, 20:47:37  iter: 145  total_loss: 8.176  loss_ce: 3.051  loss_bbox: 2.622  loss_giou: 2.473    time: 3.9932  last_time: 4.0587  data_time: 0.0180  last_data_time: 0.0242   lr: 7.0209e-08  max_mem: 13105M
[12/30 03:53:23 d2.utils.events]:  eta: 4 days, 20:47:36  iter: 146  total_loss: 7.971  loss_ce: 3.049  loss_bbox: 2.436  loss_giou: 2.473    time: 3.9936  last_time: 4.0481  data_time: 0.0181  last_data_time: 0.0160   lr: 7.0687e-08  max_mem: 13105M
[12/30 03:53:27 d2.utils.events]:  eta: 4 days, 20:47:52  iter: 147  total_loss: 7.898  loss_ce: 3.051  loss_bbox: 2.403  loss_giou: 2.454    time: 3.9942  last_time: 4.0794  data_time: 0.0183  last_data_time: 0.0220   lr: 7.1164e-08  max_mem: 13105M
[12/30 03:53:31 d2.utils.events]:  eta: 4 days, 20:48:08  iter: 148  total_loss: 7.871  loss_ce: 3.051  loss_bbox: 2.379  loss_giou: 2.445    time: 3.9947  last_time: 4.0696  data_time: 0.0182  last_data_time: 0.0167   lr: 7.1641e-08  max_mem: 13105M
[12/30 03:53:35 d2.utils.events]:  eta: 4 days, 20:48:12  iter: 149  total_loss: 7.856  loss_ce: 3.051  loss_bbox: 2.335  loss_giou: 2.439    time: 3.9952  last_time: 4.0648  data_time: 0.0180  last_data_time: 0.0165   lr: 7.2118e-08  max_mem: 13105M
[12/30 03:53:39 d2.utils.events]:  eta: 4 days, 20:48:00  iter: 150  total_loss: 7.806  loss_ce: 3.049  loss_bbox: 2.306  loss_giou: 2.433    time: 3.9953  last_time: 4.0174  data_time: 0.0182  last_data_time: 0.0167   lr: 7.2596e-08  max_mem: 13105M
[12/30 03:53:43 d2.utils.events]:  eta: 4 days, 20:47:36  iter: 151  total_loss: 7.806  loss_ce: 3.031  loss_bbox: 2.306  loss_giou: 2.433    time: 3.9954  last_time: 4.0011  data_time: 0.0183  last_data_time: 0.0169   lr: 7.3073e-08  max_mem: 13105M
[12/30 03:53:47 d2.utils.events]:  eta: 4 days, 20:47:12  iter: 152  total_loss: 7.794  loss_ce: 3.013  loss_bbox: 2.337  loss_giou: 2.428    time: 3.9955  last_time: 4.0055  data_time: 0.0184  last_data_time: 0.0211   lr: 7.355e-08  max_mem: 13105M
[12/30 03:53:51 d2.utils.events]:  eta: 4 days, 20:47:05  iter: 153  total_loss: 7.75  loss_ce: 3.013  loss_bbox: 2.306  loss_giou: 2.428    time: 3.9956  last_time: 4.0133  data_time: 0.0180  last_data_time: 0.0142   lr: 7.4028e-08  max_mem: 13105M
[12/30 03:53:55 d2.utils.events]:  eta: 4 days, 20:46:58  iter: 154  total_loss: 7.75  loss_ce: 3.013  loss_bbox: 2.306  loss_giou: 2.433    time: 3.9957  last_time: 4.0114  data_time: 0.0180  last_data_time: 0.0146   lr: 7.4505e-08  max_mem: 13105M
[12/30 03:53:59 d2.utils.events]:  eta: 4 days, 20:46:57  iter: 155  total_loss: 7.75  loss_ce: 3.01  loss_bbox: 2.306  loss_giou: 2.433    time: 3.9959  last_time: 4.0242  data_time: 0.0179  last_data_time: 0.0215   lr: 7.4982e-08  max_mem: 13105M
